<?xml version="1.0" encoding="UTF-8"?>
<testsuite name="com.hwai.backend.service.category.CategoryServiceTest" tests="1" skipped="0" failures="0" errors="0" timestamp="2022-02-17T06:45:56" hostname="DESKTOP-0R6UP8A" time="0.212">
  <properties/>
  <testcase name="카테고리_추가_실패" classname="com.hwai.backend.service.category.CategoryServiceTest" time="0.212"/>
  <system-out><![CDATA[2022-02-17 15:45:56.781  INFO 18808 --- [    Test worker] .b.t.c.SpringBootTestContextBootstrapper : Neither @ContextConfiguration nor @ContextHierarchy found for test class [com.hwai.backend.service.category.CategoryServiceTest], using SpringBootContextLoader
2022-02-17 15:45:56.782  INFO 18808 --- [    Test worker] o.s.t.c.support.AbstractContextLoader    : Could not detect default resource locations for test class [com.hwai.backend.service.category.CategoryServiceTest]: no resource found for suffixes {-context.xml, Context.groovy}.
2022-02-17 15:45:56.785  INFO 18808 --- [    Test worker] t.c.s.AnnotationConfigContextLoaderUtils : Could not detect default configuration classes for test class [com.hwai.backend.service.category.CategoryServiceTest]: CategoryServiceTest does not declare any static, non-private, non-final, nested classes annotated with @Configuration.
2022-02-17 15:45:56.798  INFO 18808 --- [    Test worker] .b.t.c.SpringBootTestContextBootstrapper : Found @SpringBootConfiguration com.hwai.backend.Application for test class com.hwai.backend.service.category.CategoryServiceTest
2022-02-17 15:45:56.802  INFO 18808 --- [    Test worker] .b.t.c.SpringBootTestContextBootstrapper : Loaded default TestExecutionListener class names from location [META-INF/spring.factories]: [org.springframework.security.test.context.support.WithSecurityContextTestExecutionListener, org.springframework.security.test.context.support.ReactorContextTestExecutionListener, org.springframework.boot.test.autoconfigure.restdocs.RestDocsTestExecutionListener, org.springframework.boot.test.autoconfigure.web.client.MockRestServiceServerResetTestExecutionListener, org.springframework.boot.test.autoconfigure.web.servlet.MockMvcPrintOnlyOnFailureTestExecutionListener, org.springframework.boot.test.autoconfigure.web.servlet.WebDriverTestExecutionListener, org.springframework.boot.test.mock.mockito.MockitoTestExecutionListener, org.springframework.boot.test.mock.mockito.ResetMocksTestExecutionListener, org.springframework.test.context.web.ServletTestExecutionListener, org.springframework.test.context.support.DirtiesContextBeforeModesTestExecutionListener, org.springframework.test.context.support.DependencyInjectionTestExecutionListener, org.springframework.test.context.support.DirtiesContextTestExecutionListener, org.springframework.test.context.transaction.TransactionalTestExecutionListener, org.springframework.test.context.jdbc.SqlScriptsTestExecutionListener]
2022-02-17 15:45:56.804  INFO 18808 --- [    Test worker] .b.t.c.SpringBootTestContextBootstrapper : Using TestExecutionListeners: [org.springframework.test.context.web.ServletTestExecutionListener@4bb57c75, org.springframework.test.context.support.DirtiesContextBeforeModesTestExecutionListener@52d03b2c, org.springframework.boot.test.mock.mockito.MockitoTestExecutionListener@2f212c29, org.springframework.boot.test.autoconfigure.SpringBootDependencyInjectionTestExecutionListener@26ce001b, org.springframework.test.context.support.DirtiesContextTestExecutionListener@46788663, org.springframework.test.context.transaction.TransactionalTestExecutionListener@1522ccdb, org.springframework.test.context.jdbc.SqlScriptsTestExecutionListener@33c4fa32, org.springframework.security.test.context.support.WithSecurityContextTestExecutionListener@655cea89, org.springframework.security.test.context.support.ReactorContextTestExecutionListener@671533df, org.springframework.boot.test.autoconfigure.restdocs.RestDocsTestExecutionListener@64d26ff2, org.springframework.boot.test.autoconfigure.web.client.MockRestServiceServerResetTestExecutionListener@70d30c30, org.springframework.boot.test.autoconfigure.web.servlet.MockMvcPrintOnlyOnFailureTestExecutionListener@7259b801, org.springframework.boot.test.autoconfigure.web.servlet.WebDriverTestExecutionListener@3c1cf65e, org.springframework.boot.test.mock.mockito.ResetMocksTestExecutionListener@4bc6b3d0]
Hibernate: insert into category (genre, shelf) values (?, ?)
2022-02-17 15:45:56.887  INFO 18808 --- [    Test worker] o.h.h.i.QueryTranslatorFactoryInitiator  : HHH000397: Using ASTQueryTranslatorFactory
Hibernate: select category0_.id as col_0_0_ from category category0_ where category0_.genre=? limit ?
]]></system-out>
  <system-err><![CDATA[]]></system-err>
</testsuite>
