<?xml version="1.0" encoding="UTF-8"?>
<testsuite name="com.hwai.backend.service.BookServiceTest" tests="1" skipped="0" failures="0" errors="0" timestamp="2022-02-12T05:57:50" hostname="DESKTOP-0R6UP8A" time="0.042">
  <properties/>
  <testcase name="책_대출_성공" classname="com.hwai.backend.service.BookServiceTest" time="0.042"/>
  <system-out><![CDATA[2022-02-12 14:57:48.672  INFO 8760 --- [    Test worker] .b.t.c.SpringBootTestContextBootstrapper : Neither @ContextConfiguration nor @ContextHierarchy found for test class [com.hwai.backend.service.BookServiceTest], using SpringBootContextLoader
2022-02-12 14:57:48.673  INFO 8760 --- [    Test worker] o.s.t.c.support.AbstractContextLoader    : Could not detect default resource locations for test class [com.hwai.backend.service.BookServiceTest]: no resource found for suffixes {-context.xml, Context.groovy}.
2022-02-12 14:57:48.673  INFO 8760 --- [    Test worker] t.c.s.AnnotationConfigContextLoaderUtils : Could not detect default configuration classes for test class [com.hwai.backend.service.BookServiceTest]: BookServiceTest does not declare any static, non-private, non-final, nested classes annotated with @Configuration.
2022-02-12 14:57:48.675  INFO 8760 --- [    Test worker] .b.t.c.SpringBootTestContextBootstrapper : Found @SpringBootConfiguration com.hwai.backend.Application for test class com.hwai.backend.service.BookServiceTest
2022-02-12 14:57:48.676  INFO 8760 --- [    Test worker] .b.t.c.SpringBootTestContextBootstrapper : Loaded default TestExecutionListener class names from location [META-INF/spring.factories]: [org.springframework.security.test.context.support.WithSecurityContextTestExecutionListener, org.springframework.security.test.context.support.ReactorContextTestExecutionListener, org.springframework.boot.test.autoconfigure.restdocs.RestDocsTestExecutionListener, org.springframework.boot.test.autoconfigure.web.client.MockRestServiceServerResetTestExecutionListener, org.springframework.boot.test.autoconfigure.web.servlet.MockMvcPrintOnlyOnFailureTestExecutionListener, org.springframework.boot.test.autoconfigure.web.servlet.WebDriverTestExecutionListener, org.springframework.boot.test.mock.mockito.MockitoTestExecutionListener, org.springframework.boot.test.mock.mockito.ResetMocksTestExecutionListener, org.springframework.test.context.web.ServletTestExecutionListener, org.springframework.test.context.support.DirtiesContextBeforeModesTestExecutionListener, org.springframework.test.context.support.DependencyInjectionTestExecutionListener, org.springframework.test.context.support.DirtiesContextTestExecutionListener, org.springframework.test.context.transaction.TransactionalTestExecutionListener, org.springframework.test.context.jdbc.SqlScriptsTestExecutionListener]
2022-02-12 14:57:48.677  INFO 8760 --- [    Test worker] .b.t.c.SpringBootTestContextBootstrapper : Using TestExecutionListeners: [org.springframework.test.context.web.ServletTestExecutionListener@49f88512, org.springframework.test.context.support.DirtiesContextBeforeModesTestExecutionListener@4dd47cac, org.springframework.boot.test.mock.mockito.MockitoTestExecutionListener@18bbe09c, org.springframework.boot.test.autoconfigure.SpringBootDependencyInjectionTestExecutionListener@11641927, org.springframework.test.context.support.DirtiesContextTestExecutionListener@1cb9ce0c, org.springframework.test.context.transaction.TransactionalTestExecutionListener@72e6f02b, org.springframework.test.context.jdbc.SqlScriptsTestExecutionListener@359e51eb, org.springframework.security.test.context.support.WithSecurityContextTestExecutionListener@482db5e, org.springframework.security.test.context.support.ReactorContextTestExecutionListener@5619ac6c, org.springframework.boot.test.autoconfigure.restdocs.RestDocsTestExecutionListener@13bb792c, org.springframework.boot.test.autoconfigure.web.client.MockRestServiceServerResetTestExecutionListener@546d63b9, org.springframework.boot.test.autoconfigure.web.servlet.MockMvcPrintOnlyOnFailureTestExecutionListener@46a70a41, org.springframework.boot.test.autoconfigure.web.servlet.WebDriverTestExecutionListener@5dc6b435, org.springframework.boot.test.mock.mockito.ResetMocksTestExecutionListener@157cd4b8]

  .   ____          _            __ _ _
 /\\ / ___'_ __ _ _(_)_ __  __ _ \ \ \ \
( ( )\___ | '_ | '_| | '_ \/ _` | \ \ \ \
 \\/  ___)| |_)| | | | | || (_| |  ) ) ) )
  '  |____| .__|_| |_|_| |_\__, | / / / /
 =========|_|==============|___/=/_/_/_/
 :: Spring Boot ::        (v2.1.7.RELEASE)

2022-02-12 14:57:48.709  INFO 8760 --- [    Test worker] c.hwai.backend.service.BookServiceTest   : Starting BookServiceTest on DESKTOP-0R6UP8A with PID 8760 (started by Lee in D:\Users\Lee\Documents\git\Java\project\capstondesign-hwai-be)
2022-02-12 14:57:48.715  INFO 8760 --- [    Test worker] c.hwai.backend.service.BookServiceTest   : No active profile set, falling back to default profiles: default
2022-02-12 14:57:48.896  INFO 8760 --- [    Test worker] .s.d.r.c.RepositoryConfigurationDelegate : Bootstrapping Spring Data repositories in DEFAULT mode.
2022-02-12 14:57:48.912  INFO 8760 --- [    Test worker] .s.d.r.c.RepositoryConfigurationDelegate : Finished Spring Data repository scanning in 15ms. Found 2 repository interfaces.
2022-02-12 14:57:48.979  INFO 8760 --- [    Test worker] trationDelegate$BeanPostProcessorChecker : Bean 'org.springframework.transaction.annotation.ProxyTransactionManagementConfiguration' of type [org.springframework.transaction.annotation.ProxyTransactionManagementConfiguration$$EnhancerBySpringCGLIB$$5d1ef086] is not eligible for getting processed by all BeanPostProcessors (for example: not eligible for auto-proxying)
2022-02-12 14:57:49.230  INFO 8760 --- [    Test worker] o.s.b.w.embedded.tomcat.TomcatWebServer  : Tomcat initialized with port(s): 0 (http)
2022-02-12 14:57:49.257  INFO 8760 --- [    Test worker] o.apache.catalina.core.StandardService   : Starting service [Tomcat]
2022-02-12 14:57:49.258  INFO 8760 --- [    Test worker] org.apache.catalina.core.StandardEngine  : Starting Servlet engine: [Apache Tomcat/9.0.22]
2022-02-12 14:57:49.423  INFO 8760 --- [    Test worker] o.a.c.c.C.[Tomcat].[localhost].[/]       : Initializing Spring embedded WebApplicationContext
2022-02-12 14:57:49.423  INFO 8760 --- [    Test worker] o.s.web.context.ContextLoader            : Root WebApplicationContext: initialization completed in 706 ms
2022-02-12 14:57:49.603  INFO 8760 --- [    Test worker] com.zaxxer.hikari.HikariDataSource       : HikariPool-2 - Starting...
2022-02-12 14:57:49.604  INFO 8760 --- [    Test worker] com.zaxxer.hikari.HikariDataSource       : HikariPool-2 - Start completed.
2022-02-12 14:57:49.623  INFO 8760 --- [    Test worker] o.hibernate.jpa.internal.util.LogHelper  : HHH000204: Processing PersistenceUnitInfo [
	name: default
	...]
2022-02-12 14:57:49.629  INFO 8760 --- [    Test worker] org.hibernate.dialect.Dialect            : HHH000400: Using dialect: org.hibernate.dialect.MySQL5InnoDBDialect
Hibernate: alter table book drop foreign key FK1wxwagv6cm3vjrxqhmv884hir
Hibernate: drop table if exists book
Hibernate: drop table if exists user
Hibernate: create table book (id bigint not null auto_increment, current varchar(255), due_date datetime, genre varchar(255) not null, origin varchar(255) not null, title varchar(255) not null, user_id bigint, primary key (id)) engine=InnoDB
Hibernate: create table user (id bigint not null auto_increment, admin bit not null, birth varchar(255) not null, email varchar(255) not null, name varchar(255) not null, pw varchar(255) not null, tel varchar(255) not null, primary key (id)) engine=InnoDB
Hibernate: alter table book add constraint FK1wxwagv6cm3vjrxqhmv884hir foreign key (user_id) references user (id)
2022-02-12 14:57:49.657  INFO 8760 --- [    Test worker] o.h.t.schema.internal.SchemaCreatorImpl  : HHH000476: Executing import script 'org.hibernate.tool.schema.internal.exec.ScriptSourceInputNonExistentImpl@6ab34e34'
2022-02-12 14:57:49.657  INFO 8760 --- [    Test worker] j.LocalContainerEntityManagerFactoryBean : Initialized JPA EntityManagerFactory for persistence unit 'default'
2022-02-12 14:57:49.905  INFO 8760 --- [    Test worker] o.s.s.concurrent.ThreadPoolTaskExecutor  : Initializing ExecutorService 'applicationTaskExecutor'
2022-02-12 14:57:49.917  WARN 8760 --- [    Test worker] aWebConfiguration$JpaWebMvcConfiguration : spring.jpa.open-in-view is enabled by default. Therefore, database queries may be performed during view rendering. Explicitly configure spring.jpa.open-in-view to disable this warning
2022-02-12 14:57:50.258  INFO 8760 --- [    Test worker] o.s.b.w.embedded.tomcat.TomcatWebServer  : Tomcat started on port(s): 7564 (http) with context path ''
2022-02-12 14:57:50.260  INFO 8760 --- [    Test worker] c.hwai.backend.service.BookServiceTest   : Started BookServiceTest in 1.58 seconds (JVM running for 7.935)
Hibernate: insert into user (admin, birth, email, name, pw, tel) values (?, ?, ?, ?, ?, ?)
Hibernate: insert into book (current, due_date, genre, origin, title, user_id) values (?, ?, ?, ?, ?, ?)
Hibernate: insert into book (current, due_date, genre, origin, title, user_id) values (?, ?, ?, ?, ?, ?)
Hibernate: insert into book (current, due_date, genre, origin, title, user_id) values (?, ?, ?, ?, ?, ?)
Hibernate: select user0_.id as id1_1_0_, user0_.admin as admin2_1_0_, user0_.birth as birth3_1_0_, user0_.email as email4_1_0_, user0_.name as name5_1_0_, user0_.pw as pw6_1_0_, user0_.tel as tel7_1_0_ from user user0_ where user0_.id=?
Hibernate: select book0_.id as id1_0_0_, book0_.current as current2_0_0_, book0_.due_date as due_date3_0_0_, book0_.genre as genre4_0_0_, book0_.origin as origin5_0_0_, book0_.title as title6_0_0_, book0_.user_id as user_id7_0_0_ from book book0_ where book0_.id=?
Hibernate: update book set current=?, due_date=?, genre=?, origin=?, title=?, user_id=? where id=?
2022-02-12 14:57:50.294  INFO 8760 --- [    Test worker] o.h.h.i.QueryTranslatorFactoryInitiator  : HHH000397: Using ASTQueryTranslatorFactory
Hibernate: select user0_.id as id1_1_, user0_.admin as admin2_1_, user0_.birth as birth3_1_, user0_.email as email4_1_, user0_.name as name5_1_, user0_.pw as pw6_1_, user0_.tel as tel7_1_ from user user0_
Hibernate: select books0_.user_id as user_id7_0_0_, books0_.id as id1_0_0_, books0_.id as id1_0_1_, books0_.current as current2_0_1_, books0_.due_date as due_date3_0_1_, books0_.genre as genre4_0_1_, books0_.origin as origin5_0_1_, books0_.title as title6_0_1_, books0_.user_id as user_id7_0_1_ from book books0_ where books0_.user_id=?
Hibernate: delete from book where id=?
Hibernate: delete from user where id=?
Hibernate: select book0_.id as id1_0_, book0_.current as current2_0_, book0_.due_date as due_date3_0_, book0_.genre as genre4_0_, book0_.origin as origin5_0_, book0_.title as title6_0_, book0_.user_id as user_id7_0_ from book book0_
Hibernate: delete from book where id=?
Hibernate: delete from book where id=?
]]></system-out>
  <system-err><![CDATA[]]></system-err>
</testsuite>
