<?xml version="1.0" encoding="UTF-8"?>
<testsuite name="com.hwai.backend.service.book.BookServiceTest" tests="3" skipped="0" failures="0" errors="0" timestamp="2022-02-15T01:36:53" hostname="DESKTOP-0R6UP8A" time="0.368">
  <properties/>
  <testcase name="책_대출_성공" classname="com.hwai.backend.service.book.BookServiceTest" time="0.323"/>
  <testcase name="책_대출_실패" classname="com.hwai.backend.service.book.BookServiceTest" time="0.016"/>
  <testcase name="책_저장_성공" classname="com.hwai.backend.service.book.BookServiceTest" time="0.027"/>
  <system-out><![CDATA[10:36:46.620 [Test worker] DEBUG org.springframework.test.context.junit4.SpringJUnit4ClassRunner - SpringJUnit4ClassRunner constructor called with [class com.hwai.backend.service.book.BookServiceTest]
10:36:46.629 [Test worker] DEBUG org.springframework.test.context.BootstrapUtils - Instantiating CacheAwareContextLoaderDelegate from class [org.springframework.test.context.cache.DefaultCacheAwareContextLoaderDelegate]
10:36:46.644 [Test worker] DEBUG org.springframework.test.context.BootstrapUtils - Instantiating BootstrapContext using constructor [public org.springframework.test.context.support.DefaultBootstrapContext(java.lang.Class,org.springframework.test.context.CacheAwareContextLoaderDelegate)]
10:36:46.673 [Test worker] DEBUG org.springframework.test.context.BootstrapUtils - Instantiating TestContextBootstrapper for test class [com.hwai.backend.service.book.BookServiceTest] from class [org.springframework.boot.test.context.SpringBootTestContextBootstrapper]
10:36:46.693 [Test worker] INFO org.springframework.boot.test.context.SpringBootTestContextBootstrapper - Neither @ContextConfiguration nor @ContextHierarchy found for test class [com.hwai.backend.service.book.BookServiceTest], using SpringBootContextLoader
10:36:46.695 [Test worker] DEBUG org.springframework.test.context.support.AbstractContextLoader - Did not detect default resource location for test class [com.hwai.backend.service.book.BookServiceTest]: class path resource [com/hwai/backend/service/book/BookServiceTest-context.xml] does not exist
10:36:46.696 [Test worker] DEBUG org.springframework.test.context.support.AbstractContextLoader - Did not detect default resource location for test class [com.hwai.backend.service.book.BookServiceTest]: class path resource [com/hwai/backend/service/book/BookServiceTestContext.groovy] does not exist
10:36:46.696 [Test worker] INFO org.springframework.test.context.support.AbstractContextLoader - Could not detect default resource locations for test class [com.hwai.backend.service.book.BookServiceTest]: no resource found for suffixes {-context.xml, Context.groovy}.
10:36:46.697 [Test worker] INFO org.springframework.test.context.support.AnnotationConfigContextLoaderUtils - Could not detect default configuration classes for test class [com.hwai.backend.service.book.BookServiceTest]: BookServiceTest does not declare any static, non-private, non-final, nested classes annotated with @Configuration.
10:36:46.750 [Test worker] DEBUG org.springframework.test.context.support.ActiveProfilesUtils - Could not find an 'annotation declaring class' for annotation type [org.springframework.test.context.ActiveProfiles] and class [com.hwai.backend.service.book.BookServiceTest]
10:36:46.848 [Test worker] DEBUG org.springframework.context.annotation.ClassPathScanningCandidateComponentProvider - Identified candidate component class: file [D:\Users\Lee\Documents\git\Java\project\capstondesign-hwai-be\build\classes\java\main\com\hwai\backend\Application.class]
10:36:46.850 [Test worker] INFO org.springframework.boot.test.context.SpringBootTestContextBootstrapper - Found @SpringBootConfiguration com.hwai.backend.Application for test class com.hwai.backend.service.book.BookServiceTest
10:36:46.941 [Test worker] DEBUG org.springframework.boot.test.context.SpringBootTestContextBootstrapper - @TestExecutionListeners is not present for class [com.hwai.backend.service.book.BookServiceTest]: using defaults.
10:36:46.942 [Test worker] INFO org.springframework.boot.test.context.SpringBootTestContextBootstrapper - Loaded default TestExecutionListener class names from location [META-INF/spring.factories]: [org.springframework.security.test.context.support.WithSecurityContextTestExecutionListener, org.springframework.security.test.context.support.ReactorContextTestExecutionListener, org.springframework.boot.test.autoconfigure.restdocs.RestDocsTestExecutionListener, org.springframework.boot.test.autoconfigure.web.client.MockRestServiceServerResetTestExecutionListener, org.springframework.boot.test.autoconfigure.web.servlet.MockMvcPrintOnlyOnFailureTestExecutionListener, org.springframework.boot.test.autoconfigure.web.servlet.WebDriverTestExecutionListener, org.springframework.boot.test.mock.mockito.MockitoTestExecutionListener, org.springframework.boot.test.mock.mockito.ResetMocksTestExecutionListener, org.springframework.test.context.web.ServletTestExecutionListener, org.springframework.test.context.support.DirtiesContextBeforeModesTestExecutionListener, org.springframework.test.context.support.DependencyInjectionTestExecutionListener, org.springframework.test.context.support.DirtiesContextTestExecutionListener, org.springframework.test.context.transaction.TransactionalTestExecutionListener, org.springframework.test.context.jdbc.SqlScriptsTestExecutionListener]
10:36:46.972 [Test worker] INFO org.springframework.boot.test.context.SpringBootTestContextBootstrapper - Using TestExecutionListeners: [org.springframework.test.context.web.ServletTestExecutionListener@68ea8f72, org.springframework.test.context.support.DirtiesContextBeforeModesTestExecutionListener@3b6a115a, org.springframework.boot.test.mock.mockito.MockitoTestExecutionListener@2e0e681e, org.springframework.boot.test.autoconfigure.SpringBootDependencyInjectionTestExecutionListener@454b8e64, org.springframework.test.context.support.DirtiesContextTestExecutionListener@79e608a0, org.springframework.test.context.transaction.TransactionalTestExecutionListener@12ed2607, org.springframework.test.context.jdbc.SqlScriptsTestExecutionListener@4ffee2dc, org.springframework.security.test.context.support.WithSecurityContextTestExecutionListener@56df6de9, org.springframework.security.test.context.support.ReactorContextTestExecutionListener@1f35dc9a, org.springframework.boot.test.autoconfigure.restdocs.RestDocsTestExecutionListener@64130c65, org.springframework.boot.test.autoconfigure.web.client.MockRestServiceServerResetTestExecutionListener@5cc3ea39, org.springframework.boot.test.autoconfigure.web.servlet.MockMvcPrintOnlyOnFailureTestExecutionListener@715e746d, org.springframework.boot.test.autoconfigure.web.servlet.WebDriverTestExecutionListener@40bea7d0, org.springframework.boot.test.mock.mockito.ResetMocksTestExecutionListener@3c32fb86]
10:36:46.975 [Test worker] DEBUG org.springframework.test.annotation.ProfileValueUtils - Retrieved @ProfileValueSourceConfiguration [null] for test class [com.hwai.backend.service.book.BookServiceTest]
10:36:46.976 [Test worker] DEBUG org.springframework.test.annotation.ProfileValueUtils - Retrieved ProfileValueSource type [class org.springframework.test.annotation.SystemProfileValueSource] for class [com.hwai.backend.service.book.BookServiceTest]
10:36:46.977 [Test worker] DEBUG org.springframework.test.annotation.ProfileValueUtils - Retrieved @ProfileValueSourceConfiguration [null] for test class [com.hwai.backend.service.book.BookServiceTest]
10:36:46.977 [Test worker] DEBUG org.springframework.test.annotation.ProfileValueUtils - Retrieved ProfileValueSource type [class org.springframework.test.annotation.SystemProfileValueSource] for class [com.hwai.backend.service.book.BookServiceTest]
10:36:46.984 [Test worker] DEBUG org.springframework.test.context.support.AbstractDirtiesContextTestExecutionListener - Before test class: context [DefaultTestContext@59a06333 testClass = BookServiceTest, testInstance = [null], testMethod = [null], testException = [null], mergedContextConfiguration = [WebMergedContextConfiguration@5e32ebc5 testClass = BookServiceTest, locations = '{}', classes = '{class com.hwai.backend.Application}', contextInitializerClasses = '[]', activeProfiles = '{}', propertySourceLocations = '{}', propertySourceProperties = '{org.springframework.boot.test.context.SpringBootTestContextBootstrapper=true, server.port=0}', contextCustomizers = set[org.springframework.boot.test.autoconfigure.properties.PropertyMappingContextCustomizer@0, org.springframework.boot.test.autoconfigure.web.servlet.WebDriverContextCustomizerFactory$Customizer@7ec6ab6b, org.springframework.boot.test.context.filter.ExcludeFilterContextCustomizer@74965cdb, org.springframework.boot.test.json.DuplicateJsonObjectContextCustomizerFactory$DuplicateJsonObjectContextCustomizer@29cbbe1, org.springframework.boot.test.mock.mockito.MockitoContextCustomizer@0, org.springframework.boot.test.web.client.TestRestTemplateContextCustomizer@7736235b], resourceBasePath = 'src/main/webapp', contextLoader = 'org.springframework.boot.test.context.SpringBootContextLoader', parent = [null]], attributes = map['org.springframework.test.context.web.ServletTestExecutionListener.activateListener' -> false]], class annotated with @DirtiesContext [false] with mode [null].
10:36:46.985 [Test worker] DEBUG org.springframework.test.annotation.ProfileValueUtils - Retrieved @ProfileValueSourceConfiguration [null] for test class [com.hwai.backend.service.book.BookServiceTest]
10:36:46.985 [Test worker] DEBUG org.springframework.test.annotation.ProfileValueUtils - Retrieved ProfileValueSource type [class org.springframework.test.annotation.SystemProfileValueSource] for class [com.hwai.backend.service.book.BookServiceTest]
10:36:46.991 [Test worker] DEBUG org.springframework.test.context.support.DependencyInjectionTestExecutionListener - Performing dependency injection for test context [[DefaultTestContext@59a06333 testClass = BookServiceTest, testInstance = com.hwai.backend.service.book.BookServiceTest@7fcdd3d, testMethod = [null], testException = [null], mergedContextConfiguration = [WebMergedContextConfiguration@5e32ebc5 testClass = BookServiceTest, locations = '{}', classes = '{class com.hwai.backend.Application}', contextInitializerClasses = '[]', activeProfiles = '{}', propertySourceLocations = '{}', propertySourceProperties = '{org.springframework.boot.test.context.SpringBootTestContextBootstrapper=true, server.port=0}', contextCustomizers = set[org.springframework.boot.test.autoconfigure.properties.PropertyMappingContextCustomizer@0, org.springframework.boot.test.autoconfigure.web.servlet.WebDriverContextCustomizerFactory$Customizer@7ec6ab6b, org.springframework.boot.test.context.filter.ExcludeFilterContextCustomizer@74965cdb, org.springframework.boot.test.json.DuplicateJsonObjectContextCustomizerFactory$DuplicateJsonObjectContextCustomizer@29cbbe1, org.springframework.boot.test.mock.mockito.MockitoContextCustomizer@0, org.springframework.boot.test.web.client.TestRestTemplateContextCustomizer@7736235b], resourceBasePath = 'src/main/webapp', contextLoader = 'org.springframework.boot.test.context.SpringBootContextLoader', parent = [null]], attributes = map['org.springframework.test.context.web.ServletTestExecutionListener.activateListener' -> false]]].
10:36:47.011 [Test worker] DEBUG org.springframework.test.context.support.TestPropertySourceUtils - Adding inlined properties to environment: {spring.jmx.enabled=false, org.springframework.boot.test.context.SpringBootTestContextBootstrapper=true, server.port=0}

  .   ____          _            __ _ _
 /\\ / ___'_ __ _ _(_)_ __  __ _ \ \ \ \
( ( )\___ | '_ | '_| | '_ \/ _` | \ \ \ \
 \\/  ___)| |_)| | | | | || (_| |  ) ) ) )
  '  |____| .__|_| |_|_| |_\__, | / / / /
 =========|_|==============|___/=/_/_/_/
 :: Spring Boot ::        (v2.1.7.RELEASE)

2022-02-15 10:36:47.287  INFO 4452 --- [    Test worker] c.h.b.service.book.BookServiceTest       : Starting BookServiceTest on DESKTOP-0R6UP8A with PID 4452 (started by Lee in D:\Users\Lee\Documents\git\Java\project\capstondesign-hwai-be)
2022-02-15 10:36:47.288  INFO 4452 --- [    Test worker] c.h.b.service.book.BookServiceTest       : No active profile set, falling back to default profiles: default
2022-02-15 10:36:48.190  INFO 4452 --- [    Test worker] .s.d.r.c.RepositoryConfigurationDelegate : Bootstrapping Spring Data repositories in DEFAULT mode.
2022-02-15 10:36:48.277  INFO 4452 --- [    Test worker] .s.d.r.c.RepositoryConfigurationDelegate : Finished Spring Data repository scanning in 77ms. Found 3 repository interfaces.
2022-02-15 10:36:48.693  INFO 4452 --- [    Test worker] trationDelegate$BeanPostProcessorChecker : Bean 'org.springframework.transaction.annotation.ProxyTransactionManagementConfiguration' of type [org.springframework.transaction.annotation.ProxyTransactionManagementConfiguration$$EnhancerBySpringCGLIB$$212e1ab0] is not eligible for getting processed by all BeanPostProcessors (for example: not eligible for auto-proxying)
2022-02-15 10:36:49.151  INFO 4452 --- [    Test worker] o.s.b.w.embedded.tomcat.TomcatWebServer  : Tomcat initialized with port(s): 0 (http)
2022-02-15 10:36:49.181  INFO 4452 --- [    Test worker] o.apache.catalina.core.StandardService   : Starting service [Tomcat]
2022-02-15 10:36:49.181  INFO 4452 --- [    Test worker] org.apache.catalina.core.StandardEngine  : Starting Servlet engine: [Apache Tomcat/9.0.22]
2022-02-15 10:36:49.355  INFO 4452 --- [    Test worker] o.a.c.c.C.[Tomcat].[localhost].[/]       : Initializing Spring embedded WebApplicationContext
2022-02-15 10:36:49.356  INFO 4452 --- [    Test worker] o.s.web.context.ContextLoader            : Root WebApplicationContext: initialization completed in 2051 ms
2022-02-15 10:36:49.647  INFO 4452 --- [    Test worker] com.zaxxer.hikari.HikariDataSource       : HikariPool-1 - Starting...
2022-02-15 10:36:49.813  INFO 4452 --- [    Test worker] com.zaxxer.hikari.HikariDataSource       : HikariPool-1 - Start completed.
2022-02-15 10:36:49.913  INFO 4452 --- [    Test worker] o.hibernate.jpa.internal.util.LogHelper  : HHH000204: Processing PersistenceUnitInfo [
	name: default
	...]
2022-02-15 10:36:50.015  INFO 4452 --- [    Test worker] org.hibernate.Version                    : HHH000412: Hibernate Core {5.3.10.Final}
2022-02-15 10:36:50.017  INFO 4452 --- [    Test worker] org.hibernate.cfg.Environment            : HHH000206: hibernate.properties not found
2022-02-15 10:36:50.253  INFO 4452 --- [    Test worker] o.hibernate.annotations.common.Version   : HCANN000001: Hibernate Commons Annotations {5.0.4.Final}
2022-02-15 10:36:50.459  INFO 4452 --- [    Test worker] org.hibernate.dialect.Dialect            : HHH000400: Using dialect: org.hibernate.dialect.MySQL57Dialect
Hibernate: create table book (id bigint not null auto_increment, current varchar(255), due_date date, title varchar(255) not null, category_id bigint, user_id bigint, primary key (id)) engine=InnoDB
Hibernate: create table category (id bigint not null auto_increment, genre varchar(255) not null, shelf varchar(255) not null, primary key (id)) engine=InnoDB
Hibernate: create table user (id bigint not null auto_increment, admin bit not null, birth varchar(255) not null, email varchar(255) not null, name varchar(255) not null, pw varchar(255) not null, tel varchar(255) not null, primary key (id)) engine=InnoDB
Hibernate: alter table book add constraint FKam9riv8y6rjwkua1gapdfew4j foreign key (category_id) references category (id)
Hibernate: alter table book add constraint FK1wxwagv6cm3vjrxqhmv884hir foreign key (user_id) references user (id)
2022-02-15 10:36:51.369  INFO 4452 --- [    Test worker] j.LocalContainerEntityManagerFactoryBean : Initialized JPA EntityManagerFactory for persistence unit 'default'
2022-02-15 10:36:52.477  INFO 4452 --- [    Test worker] o.s.s.concurrent.ThreadPoolTaskExecutor  : Initializing ExecutorService 'applicationTaskExecutor'
2022-02-15 10:36:52.539  WARN 4452 --- [    Test worker] aWebConfiguration$JpaWebMvcConfiguration : spring.jpa.open-in-view is enabled by default. Therefore, database queries may be performed during view rendering. Explicitly configure spring.jpa.open-in-view to disable this warning
2022-02-15 10:36:53.012  INFO 4452 --- [    Test worker] o.s.b.w.embedded.tomcat.TomcatWebServer  : Tomcat started on port(s): 2554 (http) with context path ''
2022-02-15 10:36:53.013  INFO 4452 --- [    Test worker] c.h.b.service.book.BookServiceTest       : Started BookServiceTest in 6.0 seconds (JVM running for 7.312)
Hibernate: insert into user (admin, birth, email, name, pw, tel) values (?, ?, ?, ?, ?, ?)
Hibernate: insert into category (genre, shelf) values (?, ?)
Hibernate: insert into book (category_id, current, due_date, title, user_id) values (?, ?, ?, ?, ?)
Hibernate: insert into book (category_id, current, due_date, title, user_id) values (?, ?, ?, ?, ?)
Hibernate: select user0_.id as id1_2_0_, user0_.admin as admin2_2_0_, user0_.birth as birth3_2_0_, user0_.email as email4_2_0_, user0_.name as name5_2_0_, user0_.pw as pw6_2_0_, user0_.tel as tel7_2_0_ from user user0_ where user0_.id=?
Hibernate: select book0_.id as id1_0_0_, book0_.category_id as category5_0_0_, book0_.current as current2_0_0_, book0_.due_date as due_date3_0_0_, book0_.title as title4_0_0_, book0_.user_id as user_id6_0_0_ from book book0_ where book0_.id=?
Hibernate: select book0_.id as id1_0_0_, book0_.category_id as category5_0_0_, book0_.current as current2_0_0_, book0_.due_date as due_date3_0_0_, book0_.title as title4_0_0_, book0_.user_id as user_id6_0_0_ from book book0_ where book0_.id=?
Hibernate: update book set category_id=?, current=?, due_date=?, title=?, user_id=? where id=?
Hibernate: update book set category_id=?, current=?, due_date=?, title=?, user_id=? where id=?
Hibernate: insert into user (admin, birth, email, name, pw, tel) values (?, ?, ?, ?, ?, ?)
Hibernate: select user0_.id as id1_2_0_, user0_.admin as admin2_2_0_, user0_.birth as birth3_2_0_, user0_.email as email4_2_0_, user0_.name as name5_2_0_, user0_.pw as pw6_2_0_, user0_.tel as tel7_2_0_ from user user0_ where user0_.id=?
Hibernate: select book0_.id as id1_0_0_, book0_.category_id as category5_0_0_, book0_.current as current2_0_0_, book0_.due_date as due_date3_0_0_, book0_.title as title4_0_0_, book0_.user_id as user_id6_0_0_ from book book0_ where book0_.id=?
Hibernate: insert into category (genre, shelf) values (?, ?)
Hibernate: insert into book (category_id, current, due_date, title, user_id) values (?, ?, ?, ?, ?)
Hibernate: select category0_.id as id1_1_0_, category0_.genre as genre2_1_0_, category0_.shelf as shelf3_1_0_ from category category0_ where category0_.id=?
Hibernate: insert into book (category_id, current, due_date, title, user_id) values (?, ?, ?, ?, ?)
]]></system-out>
  <system-err><![CDATA[]]></system-err>
</testsuite>
