<?xml version="1.0" encoding="UTF-8"?>
<testsuite name="com.hwai.backend.dto.LendRequestDtoTest" tests="1" skipped="0" failures="0" errors="0" timestamp="2022-02-12T04:22:49" hostname="DESKTOP-0R6UP8A" time="0.049">
  <properties/>
  <testcase name="대출_요청" classname="com.hwai.backend.dto.LendRequestDtoTest" time="0.049"/>
  <system-out><![CDATA[]]></system-out>
  <system-err><![CDATA[]]></system-err>
</testsuite>
