<?xml version="1.0" encoding="UTF-8"?>
<testsuite name="com.hwai.backend.service.BookServiceTest" tests="1" skipped="0" failures="0" errors="0" timestamp="2022-02-13T09:15:17" hostname="DESKTOP-0R6UP8A" time="0.362">
  <properties/>
  <testcase name="책_대출_성공" classname="com.hwai.backend.service.BookServiceTest" time="0.362"/>
  <system-out><![CDATA[18:15:11.780 [Test worker] DEBUG org.springframework.test.context.junit4.SpringJUnit4ClassRunner - SpringJUnit4ClassRunner constructor called with [class com.hwai.backend.service.BookServiceTest]
18:15:11.787 [Test worker] DEBUG org.springframework.test.context.BootstrapUtils - Instantiating CacheAwareContextLoaderDelegate from class [org.springframework.test.context.cache.DefaultCacheAwareContextLoaderDelegate]
18:15:11.795 [Test worker] DEBUG org.springframework.test.context.BootstrapUtils - Instantiating BootstrapContext using constructor [public org.springframework.test.context.support.DefaultBootstrapContext(java.lang.Class,org.springframework.test.context.CacheAwareContextLoaderDelegate)]
18:15:11.812 [Test worker] DEBUG org.springframework.test.context.BootstrapUtils - Instantiating TestContextBootstrapper for test class [com.hwai.backend.service.BookServiceTest] from class [org.springframework.boot.test.context.SpringBootTestContextBootstrapper]
18:15:11.829 [Test worker] INFO org.springframework.boot.test.context.SpringBootTestContextBootstrapper - Neither @ContextConfiguration nor @ContextHierarchy found for test class [com.hwai.backend.service.BookServiceTest], using SpringBootContextLoader
18:15:11.832 [Test worker] DEBUG org.springframework.test.context.support.AbstractContextLoader - Did not detect default resource location for test class [com.hwai.backend.service.BookServiceTest]: class path resource [com/hwai/backend/service/BookServiceTest-context.xml] does not exist
18:15:11.833 [Test worker] DEBUG org.springframework.test.context.support.AbstractContextLoader - Did not detect default resource location for test class [com.hwai.backend.service.BookServiceTest]: class path resource [com/hwai/backend/service/BookServiceTestContext.groovy] does not exist
18:15:11.833 [Test worker] INFO org.springframework.test.context.support.AbstractContextLoader - Could not detect default resource locations for test class [com.hwai.backend.service.BookServiceTest]: no resource found for suffixes {-context.xml, Context.groovy}.
18:15:11.834 [Test worker] INFO org.springframework.test.context.support.AnnotationConfigContextLoaderUtils - Could not detect default configuration classes for test class [com.hwai.backend.service.BookServiceTest]: BookServiceTest does not declare any static, non-private, non-final, nested classes annotated with @Configuration.
18:15:11.877 [Test worker] DEBUG org.springframework.test.context.support.ActiveProfilesUtils - Could not find an 'annotation declaring class' for annotation type [org.springframework.test.context.ActiveProfiles] and class [com.hwai.backend.service.BookServiceTest]
18:15:11.950 [Test worker] DEBUG org.springframework.context.annotation.ClassPathScanningCandidateComponentProvider - Identified candidate component class: file [D:\Users\Lee\Documents\git\Java\project\capstondesign-hwai-be\build\classes\java\main\com\hwai\backend\Application.class]
18:15:11.951 [Test worker] INFO org.springframework.boot.test.context.SpringBootTestContextBootstrapper - Found @SpringBootConfiguration com.hwai.backend.Application for test class com.hwai.backend.service.BookServiceTest
18:15:12.045 [Test worker] DEBUG org.springframework.boot.test.context.SpringBootTestContextBootstrapper - @TestExecutionListeners is not present for class [com.hwai.backend.service.BookServiceTest]: using defaults.
18:15:12.045 [Test worker] INFO org.springframework.boot.test.context.SpringBootTestContextBootstrapper - Loaded default TestExecutionListener class names from location [META-INF/spring.factories]: [org.springframework.security.test.context.support.WithSecurityContextTestExecutionListener, org.springframework.security.test.context.support.ReactorContextTestExecutionListener, org.springframework.boot.test.autoconfigure.restdocs.RestDocsTestExecutionListener, org.springframework.boot.test.autoconfigure.web.client.MockRestServiceServerResetTestExecutionListener, org.springframework.boot.test.autoconfigure.web.servlet.MockMvcPrintOnlyOnFailureTestExecutionListener, org.springframework.boot.test.autoconfigure.web.servlet.WebDriverTestExecutionListener, org.springframework.boot.test.mock.mockito.MockitoTestExecutionListener, org.springframework.boot.test.mock.mockito.ResetMocksTestExecutionListener, org.springframework.test.context.web.ServletTestExecutionListener, org.springframework.test.context.support.DirtiesContextBeforeModesTestExecutionListener, org.springframework.test.context.support.DependencyInjectionTestExecutionListener, org.springframework.test.context.support.DirtiesContextTestExecutionListener, org.springframework.test.context.transaction.TransactionalTestExecutionListener, org.springframework.test.context.jdbc.SqlScriptsTestExecutionListener]
18:15:12.069 [Test worker] INFO org.springframework.boot.test.context.SpringBootTestContextBootstrapper - Using TestExecutionListeners: [org.springframework.test.context.web.ServletTestExecutionListener@79e608a0, org.springframework.test.context.support.DirtiesContextBeforeModesTestExecutionListener@12ed2607, org.springframework.boot.test.mock.mockito.MockitoTestExecutionListener@4ffee2dc, org.springframework.boot.test.autoconfigure.SpringBootDependencyInjectionTestExecutionListener@56df6de9, org.springframework.test.context.support.DirtiesContextTestExecutionListener@1f35dc9a, org.springframework.test.context.transaction.TransactionalTestExecutionListener@64130c65, org.springframework.test.context.jdbc.SqlScriptsTestExecutionListener@5cc3ea39, org.springframework.security.test.context.support.WithSecurityContextTestExecutionListener@715e746d, org.springframework.security.test.context.support.ReactorContextTestExecutionListener@40bea7d0, org.springframework.boot.test.autoconfigure.restdocs.RestDocsTestExecutionListener@3c32fb86, org.springframework.boot.test.autoconfigure.web.client.MockRestServiceServerResetTestExecutionListener@7fe35c1b, org.springframework.boot.test.autoconfigure.web.servlet.MockMvcPrintOnlyOnFailureTestExecutionListener@7d9ca296, org.springframework.boot.test.autoconfigure.web.servlet.WebDriverTestExecutionListener@48a90ad2, org.springframework.boot.test.mock.mockito.ResetMocksTestExecutionListener@636c368a]
18:15:12.072 [Test worker] DEBUG org.springframework.test.annotation.ProfileValueUtils - Retrieved @ProfileValueSourceConfiguration [null] for test class [com.hwai.backend.service.BookServiceTest]
18:15:12.073 [Test worker] DEBUG org.springframework.test.annotation.ProfileValueUtils - Retrieved ProfileValueSource type [class org.springframework.test.annotation.SystemProfileValueSource] for class [com.hwai.backend.service.BookServiceTest]
18:15:12.073 [Test worker] DEBUG org.springframework.test.annotation.ProfileValueUtils - Retrieved @ProfileValueSourceConfiguration [null] for test class [com.hwai.backend.service.BookServiceTest]
18:15:12.073 [Test worker] DEBUG org.springframework.test.annotation.ProfileValueUtils - Retrieved ProfileValueSource type [class org.springframework.test.annotation.SystemProfileValueSource] for class [com.hwai.backend.service.BookServiceTest]
18:15:12.078 [Test worker] DEBUG org.springframework.test.context.support.AbstractDirtiesContextTestExecutionListener - Before test class: context [DefaultTestContext@67380744 testClass = BookServiceTest, testInstance = [null], testMethod = [null], testException = [null], mergedContextConfiguration = [WebMergedContextConfiguration@2e1da4a5 testClass = BookServiceTest, locations = '{}', classes = '{class com.hwai.backend.Application}', contextInitializerClasses = '[]', activeProfiles = '{}', propertySourceLocations = '{}', propertySourceProperties = '{org.springframework.boot.test.context.SpringBootTestContextBootstrapper=true, server.port=0}', contextCustomizers = set[org.springframework.boot.test.autoconfigure.properties.PropertyMappingContextCustomizer@0, org.springframework.boot.test.autoconfigure.web.servlet.WebDriverContextCustomizerFactory$Customizer@5b318658, org.springframework.boot.test.context.filter.ExcludeFilterContextCustomizer@230cf112, org.springframework.boot.test.json.DuplicateJsonObjectContextCustomizerFactory$DuplicateJsonObjectContextCustomizer@74965cdb, org.springframework.boot.test.mock.mockito.MockitoContextCustomizer@0, org.springframework.boot.test.web.client.TestRestTemplateContextCustomizer@77a354e5], resourceBasePath = 'src/main/webapp', contextLoader = 'org.springframework.boot.test.context.SpringBootContextLoader', parent = [null]], attributes = map['org.springframework.test.context.web.ServletTestExecutionListener.activateListener' -> false]], class annotated with @DirtiesContext [false] with mode [null].
18:15:12.078 [Test worker] DEBUG org.springframework.test.annotation.ProfileValueUtils - Retrieved @ProfileValueSourceConfiguration [null] for test class [com.hwai.backend.service.BookServiceTest]
18:15:12.078 [Test worker] DEBUG org.springframework.test.annotation.ProfileValueUtils - Retrieved ProfileValueSource type [class org.springframework.test.annotation.SystemProfileValueSource] for class [com.hwai.backend.service.BookServiceTest]
18:15:12.082 [Test worker] DEBUG org.springframework.test.context.support.DependencyInjectionTestExecutionListener - Performing dependency injection for test context [[DefaultTestContext@67380744 testClass = BookServiceTest, testInstance = com.hwai.backend.service.BookServiceTest@7777f7ec, testMethod = [null], testException = [null], mergedContextConfiguration = [WebMergedContextConfiguration@2e1da4a5 testClass = BookServiceTest, locations = '{}', classes = '{class com.hwai.backend.Application}', contextInitializerClasses = '[]', activeProfiles = '{}', propertySourceLocations = '{}', propertySourceProperties = '{org.springframework.boot.test.context.SpringBootTestContextBootstrapper=true, server.port=0}', contextCustomizers = set[org.springframework.boot.test.autoconfigure.properties.PropertyMappingContextCustomizer@0, org.springframework.boot.test.autoconfigure.web.servlet.WebDriverContextCustomizerFactory$Customizer@5b318658, org.springframework.boot.test.context.filter.ExcludeFilterContextCustomizer@230cf112, org.springframework.boot.test.json.DuplicateJsonObjectContextCustomizerFactory$DuplicateJsonObjectContextCustomizer@74965cdb, org.springframework.boot.test.mock.mockito.MockitoContextCustomizer@0, org.springframework.boot.test.web.client.TestRestTemplateContextCustomizer@77a354e5], resourceBasePath = 'src/main/webapp', contextLoader = 'org.springframework.boot.test.context.SpringBootContextLoader', parent = [null]], attributes = map['org.springframework.test.context.web.ServletTestExecutionListener.activateListener' -> false]]].
18:15:12.100 [Test worker] DEBUG org.springframework.test.context.support.TestPropertySourceUtils - Adding inlined properties to environment: {spring.jmx.enabled=false, org.springframework.boot.test.context.SpringBootTestContextBootstrapper=true, server.port=0}

  .   ____          _            __ _ _
 /\\ / ___'_ __ _ _(_)_ __  __ _ \ \ \ \
( ( )\___ | '_ | '_| | '_ \/ _` | \ \ \ \
 \\/  ___)| |_)| | | | | || (_| |  ) ) ) )
  '  |____| .__|_| |_|_| |_\__, | / / / /
 =========|_|==============|___/=/_/_/_/
 :: Spring Boot ::        (v2.1.7.RELEASE)

2022-02-13 18:15:12.355  INFO 19836 --- [    Test worker] c.hwai.backend.service.BookServiceTest   : Starting BookServiceTest on DESKTOP-0R6UP8A with PID 19836 (started by Lee in D:\Users\Lee\Documents\git\Java\project\capstondesign-hwai-be)
2022-02-13 18:15:12.356  INFO 19836 --- [    Test worker] c.hwai.backend.service.BookServiceTest   : No active profile set, falling back to default profiles: default
2022-02-13 18:15:13.172  INFO 19836 --- [    Test worker] .s.d.r.c.RepositoryConfigurationDelegate : Bootstrapping Spring Data repositories in DEFAULT mode.
2022-02-13 18:15:13.255  INFO 19836 --- [    Test worker] .s.d.r.c.RepositoryConfigurationDelegate : Finished Spring Data repository scanning in 75ms. Found 3 repository interfaces.
2022-02-13 18:15:13.622  INFO 19836 --- [    Test worker] trationDelegate$BeanPostProcessorChecker : Bean 'org.springframework.transaction.annotation.ProxyTransactionManagementConfiguration' of type [org.springframework.transaction.annotation.ProxyTransactionManagementConfiguration$$EnhancerBySpringCGLIB$$785a7d2d] is not eligible for getting processed by all BeanPostProcessors (for example: not eligible for auto-proxying)
2022-02-13 18:15:14.047  INFO 19836 --- [    Test worker] o.s.b.w.embedded.tomcat.TomcatWebServer  : Tomcat initialized with port(s): 0 (http)
2022-02-13 18:15:14.075  INFO 19836 --- [    Test worker] o.apache.catalina.core.StandardService   : Starting service [Tomcat]
2022-02-13 18:15:14.076  INFO 19836 --- [    Test worker] org.apache.catalina.core.StandardEngine  : Starting Servlet engine: [Apache Tomcat/9.0.22]
2022-02-13 18:15:14.230  INFO 19836 --- [    Test worker] o.a.c.c.C.[Tomcat].[localhost].[/]       : Initializing Spring embedded WebApplicationContext
2022-02-13 18:15:14.230  INFO 19836 --- [    Test worker] o.s.web.context.ContextLoader            : Root WebApplicationContext: initialization completed in 1859 ms
2022-02-13 18:15:14.462  INFO 19836 --- [    Test worker] com.zaxxer.hikari.HikariDataSource       : HikariPool-1 - Starting...
2022-02-13 18:15:14.626  INFO 19836 --- [    Test worker] com.zaxxer.hikari.HikariDataSource       : HikariPool-1 - Start completed.
2022-02-13 18:15:14.704  INFO 19836 --- [    Test worker] o.hibernate.jpa.internal.util.LogHelper  : HHH000204: Processing PersistenceUnitInfo [
	name: default
	...]
2022-02-13 18:15:14.788  INFO 19836 --- [    Test worker] org.hibernate.Version                    : HHH000412: Hibernate Core {5.3.10.Final}
2022-02-13 18:15:14.789  INFO 19836 --- [    Test worker] org.hibernate.cfg.Environment            : HHH000206: hibernate.properties not found
2022-02-13 18:15:14.983  INFO 19836 --- [    Test worker] o.hibernate.annotations.common.Version   : HCANN000001: Hibernate Commons Annotations {5.0.4.Final}
2022-02-13 18:15:15.216  INFO 19836 --- [    Test worker] org.hibernate.dialect.Dialect            : HHH000400: Using dialect: org.hibernate.dialect.MySQL5InnoDBDialect
Hibernate: create table book (id bigint not null auto_increment, current varchar(255), due_date datetime, shelf varchar(255), title varchar(255) not null, user_id bigint, primary key (id)) engine=InnoDB
Hibernate: create table category (id bigint not null auto_increment, genre varchar(255) not null, shelf varchar(255), primary key (id)) engine=InnoDB
Hibernate: create table user (id bigint not null auto_increment, admin bit not null, birth varchar(255) not null, email varchar(255) not null, name varchar(255) not null, pw varchar(255) not null, tel varchar(255) not null, primary key (id)) engine=InnoDB
Hibernate: alter table book add constraint FK1wxwagv6cm3vjrxqhmv884hir foreign key (user_id) references user (id)
2022-02-13 18:15:16.031  INFO 19836 --- [    Test worker] j.LocalContainerEntityManagerFactoryBean : Initialized JPA EntityManagerFactory for persistence unit 'default'
2022-02-13 18:15:16.995  INFO 19836 --- [    Test worker] o.s.s.concurrent.ThreadPoolTaskExecutor  : Initializing ExecutorService 'applicationTaskExecutor'
2022-02-13 18:15:17.052  WARN 19836 --- [    Test worker] aWebConfiguration$JpaWebMvcConfiguration : spring.jpa.open-in-view is enabled by default. Therefore, database queries may be performed during view rendering. Explicitly configure spring.jpa.open-in-view to disable this warning
2022-02-13 18:15:17.539  INFO 19836 --- [    Test worker] o.s.b.w.embedded.tomcat.TomcatWebServer  : Tomcat started on port(s): 2916 (http) with context path ''
2022-02-13 18:15:17.542  INFO 19836 --- [    Test worker] c.hwai.backend.service.BookServiceTest   : Started BookServiceTest in 5.44 seconds (JVM running for 6.639)
Hibernate: insert into user (admin, birth, email, name, pw, tel) values (?, ?, ?, ?, ?, ?)
Hibernate: insert into category (genre, shelf) values (?, ?)
Hibernate: insert into book (current, due_date, shelf, title, user_id) values (?, ?, ?, ?, ?)
Hibernate: insert into book (current, due_date, shelf, title, user_id) values (?, ?, ?, ?, ?)
Hibernate: insert into book (current, due_date, shelf, title, user_id) values (?, ?, ?, ?, ?)
Hibernate: select user0_.id as id1_2_0_, user0_.admin as admin2_2_0_, user0_.birth as birth3_2_0_, user0_.email as email4_2_0_, user0_.name as name5_2_0_, user0_.pw as pw6_2_0_, user0_.tel as tel7_2_0_ from user user0_ where user0_.id=?
Hibernate: select book0_.id as id1_0_0_, book0_.current as current2_0_0_, book0_.due_date as due_date3_0_0_, book0_.shelf as shelf4_0_0_, book0_.title as title5_0_0_, book0_.user_id as user_id6_0_0_ from book book0_ where book0_.id=?
2022-02-13 18:15:17.804  INFO 19836 --- [    Test worker] o.h.h.i.QueryTranslatorFactoryInitiator  : HHH000397: Using ASTQueryTranslatorFactory
Hibernate: select user0_.id as id1_2_, user0_.admin as admin2_2_, user0_.birth as birth3_2_, user0_.email as email4_2_, user0_.name as name5_2_, user0_.pw as pw6_2_, user0_.tel as tel7_2_ from user user0_
Hibernate: delete from user where id=?
Hibernate: select book0_.id as id1_0_, book0_.current as current2_0_, book0_.due_date as due_date3_0_, book0_.shelf as shelf4_0_, book0_.title as title5_0_, book0_.user_id as user_id6_0_ from book book0_
Hibernate: delete from book where id=?
Hibernate: delete from book where id=?
Hibernate: delete from book where id=?
Hibernate: select category0_.id as id1_1_, category0_.genre as genre2_1_, category0_.shelf as shelf3_1_ from category category0_
Hibernate: delete from category where id=?
]]></system-out>
  <system-err><![CDATA[]]></system-err>
</testsuite>
