<?xml version="1.0" encoding="UTF-8"?>
<testsuite name="com.hwai.backend.service.UserServiceTest" tests="10" skipped="0" failures="2" errors="0" timestamp="2022-02-09T15:16:57" hostname="DESKTOP-0R6UP8A" time="0.667">
  <properties/>
  <testcase name="회원탈퇴_성공" classname="com.hwai.backend.service.UserServiceTest" time="0.349"/>
  <testcase name="로그인_성공" classname="com.hwai.backend.service.UserServiceTest" time="0.07"/>
  <testcase name="비밀번호_변경_성공" classname="com.hwai.backend.service.UserServiceTest" time="0.014"/>
  <testcase name="비밀번호_변경_실패" classname="com.hwai.backend.service.UserServiceTest" time="0.019">
    <failure message="java.lang.AssertionError: &#13;&#10;Expecting code to raise a throwable." type="java.lang.AssertionError">java.lang.AssertionError: 
Expecting code to raise a throwable.
	at com.hwai.backend.service.UserServiceTest.비밀번호_변경_실패(UserServiceTest.java:241)
	at sun.reflect.NativeMethodAccessorImpl.invoke0(Native Method)
	at sun.reflect.NativeMethodAccessorImpl.invoke(NativeMethodAccessorImpl.java:62)
	at sun.reflect.DelegatingMethodAccessorImpl.invoke(DelegatingMethodAccessorImpl.java:43)
	at java.lang.reflect.Method.invoke(Method.java:498)
	at org.junit.runners.model.FrameworkMethod$1.runReflectiveCall(FrameworkMethod.java:50)
	at org.junit.internal.runners.model.ReflectiveCallable.run(ReflectiveCallable.java:12)
	at org.junit.runners.model.FrameworkMethod.invokeExplosively(FrameworkMethod.java:47)
	at org.junit.internal.runners.statements.InvokeMethod.evaluate(InvokeMethod.java:17)
	at org.springframework.test.context.junit4.statements.RunBeforeTestExecutionCallbacks.evaluate(RunBeforeTestExecutionCallbacks.java:74)
	at org.springframework.test.context.junit4.statements.RunAfterTestExecutionCallbacks.evaluate(RunAfterTestExecutionCallbacks.java:84)
	at org.springframework.test.context.junit4.statements.RunBeforeTestMethodCallbacks.evaluate(RunBeforeTestMethodCallbacks.java:75)
	at org.junit.internal.runners.statements.RunAfters.evaluate(RunAfters.java:27)
	at org.springframework.test.context.junit4.statements.RunAfterTestMethodCallbacks.evaluate(RunAfterTestMethodCallbacks.java:86)
	at org.springframework.test.context.junit4.statements.SpringRepeat.evaluate(SpringRepeat.java:84)
	at org.junit.runners.ParentRunner.runLeaf(ParentRunner.java:325)
	at org.springframework.test.context.junit4.SpringJUnit4ClassRunner.runChild(SpringJUnit4ClassRunner.java:251)
	at org.springframework.test.context.junit4.SpringJUnit4ClassRunner.runChild(SpringJUnit4ClassRunner.java:97)
	at org.junit.runners.ParentRunner$3.run(ParentRunner.java:290)
	at org.junit.runners.ParentRunner$1.schedule(ParentRunner.java:71)
	at org.junit.runners.ParentRunner.runChildren(ParentRunner.java:288)
	at org.junit.runners.ParentRunner.access$000(ParentRunner.java:58)
	at org.junit.runners.ParentRunner$2.evaluate(ParentRunner.java:268)
	at org.springframework.test.context.junit4.statements.RunBeforeTestClassCallbacks.evaluate(RunBeforeTestClassCallbacks.java:61)
	at org.springframework.test.context.junit4.statements.RunAfterTestClassCallbacks.evaluate(RunAfterTestClassCallbacks.java:70)
	at org.junit.runners.ParentRunner.run(ParentRunner.java:363)
	at org.springframework.test.context.junit4.SpringJUnit4ClassRunner.run(SpringJUnit4ClassRunner.java:190)
	at org.gradle.api.internal.tasks.testing.junit.JUnitTestClassExecutor.runTestClass(JUnitTestClassExecutor.java:110)
	at org.gradle.api.internal.tasks.testing.junit.JUnitTestClassExecutor.execute(JUnitTestClassExecutor.java:58)
	at org.gradle.api.internal.tasks.testing.junit.JUnitTestClassExecutor.execute(JUnitTestClassExecutor.java:38)
	at org.gradle.api.internal.tasks.testing.junit.AbstractJUnitTestClassProcessor.processTestClass(AbstractJUnitTestClassProcessor.java:62)
	at org.gradle.api.internal.tasks.testing.SuiteTestClassProcessor.processTestClass(SuiteTestClassProcessor.java:51)
	at sun.reflect.NativeMethodAccessorImpl.invoke0(Native Method)
	at sun.reflect.NativeMethodAccessorImpl.invoke(NativeMethodAccessorImpl.java:62)
	at sun.reflect.DelegatingMethodAccessorImpl.invoke(DelegatingMethodAccessorImpl.java:43)
	at java.lang.reflect.Method.invoke(Method.java:498)
	at org.gradle.internal.dispatch.ReflectionDispatch.dispatch(ReflectionDispatch.java:36)
	at org.gradle.internal.dispatch.ReflectionDispatch.dispatch(ReflectionDispatch.java:24)
	at org.gradle.internal.dispatch.ContextClassLoaderDispatch.dispatch(ContextClassLoaderDispatch.java:33)
	at org.gradle.internal.dispatch.ProxyDispatchAdapter$DispatchingInvocationHandler.invoke(ProxyDispatchAdapter.java:94)
	at com.sun.proxy.$Proxy2.processTestClass(Unknown Source)
	at org.gradle.api.internal.tasks.testing.worker.TestWorker.processTestClass(TestWorker.java:121)
	at sun.reflect.NativeMethodAccessorImpl.invoke0(Native Method)
	at sun.reflect.NativeMethodAccessorImpl.invoke(NativeMethodAccessorImpl.java:62)
	at sun.reflect.DelegatingMethodAccessorImpl.invoke(DelegatingMethodAccessorImpl.java:43)
	at java.lang.reflect.Method.invoke(Method.java:498)
	at org.gradle.internal.dispatch.ReflectionDispatch.dispatch(ReflectionDispatch.java:36)
	at org.gradle.internal.dispatch.ReflectionDispatch.dispatch(ReflectionDispatch.java:24)
	at org.gradle.internal.remote.internal.hub.MessageHubBackedObjectConnection$DispatchWrapper.dispatch(MessageHubBackedObjectConnection.java:182)
	at org.gradle.internal.remote.internal.hub.MessageHubBackedObjectConnection$DispatchWrapper.dispatch(MessageHubBackedObjectConnection.java:164)
	at org.gradle.internal.remote.internal.hub.MessageHub$Handler.run(MessageHub.java:414)
	at org.gradle.internal.concurrent.ExecutorPolicy$CatchAndRecordFailures.onExecute(ExecutorPolicy.java:64)
	at org.gradle.internal.concurrent.ManagedExecutorImpl$1.run(ManagedExecutorImpl.java:48)
	at java.util.concurrent.ThreadPoolExecutor.runWorker(ThreadPoolExecutor.java:1149)
	at java.util.concurrent.ThreadPoolExecutor$Worker.run(ThreadPoolExecutor.java:624)
	at org.gradle.internal.concurrent.ThreadFactoryImpl$ManagedThreadRunnable.run(ThreadFactoryImpl.java:56)
	at java.lang.Thread.run(Thread.java:750)
</failure>
  </testcase>
  <testcase name="페이지_불러오기" classname="com.hwai.backend.service.UserServiceTest" time="0.017"/>
  <testcase name="로그인_비밀번호_불일치" classname="com.hwai.backend.service.UserServiceTest" time="0.014"/>
  <testcase name="일반유저_책_리스트_조회_실패" classname="com.hwai.backend.service.UserServiceTest" time="0.021">
    <failure message="java.lang.NullPointerException" type="java.lang.NullPointerException">java.lang.NullPointerException
	at com.hwai.backend.domain.book.Book.setUser(Book.java:42)
	at com.hwai.backend.domain.book.Book.&lt;init&gt;(Book.java:37)
	at com.hwai.backend.domain.book.Book$BookBuilder.build(Book.java:31)
	at com.hwai.backend.service.UserServiceTest.일반유저_책_리스트_조회_실패(UserServiceTest.java:260)
	at sun.reflect.NativeMethodAccessorImpl.invoke0(Native Method)
	at sun.reflect.NativeMethodAccessorImpl.invoke(NativeMethodAccessorImpl.java:62)
	at sun.reflect.DelegatingMethodAccessorImpl.invoke(DelegatingMethodAccessorImpl.java:43)
	at java.lang.reflect.Method.invoke(Method.java:498)
	at org.junit.runners.model.FrameworkMethod$1.runReflectiveCall(FrameworkMethod.java:50)
	at org.junit.internal.runners.model.ReflectiveCallable.run(ReflectiveCallable.java:12)
	at org.junit.runners.model.FrameworkMethod.invokeExplosively(FrameworkMethod.java:47)
	at org.junit.internal.runners.statements.InvokeMethod.evaluate(InvokeMethod.java:17)
	at org.springframework.test.context.junit4.statements.RunBeforeTestExecutionCallbacks.evaluate(RunBeforeTestExecutionCallbacks.java:74)
	at org.springframework.test.context.junit4.statements.RunAfterTestExecutionCallbacks.evaluate(RunAfterTestExecutionCallbacks.java:84)
	at org.springframework.test.context.junit4.statements.RunBeforeTestMethodCallbacks.evaluate(RunBeforeTestMethodCallbacks.java:75)
	at org.junit.internal.runners.statements.RunAfters.evaluate(RunAfters.java:27)
	at org.springframework.test.context.junit4.statements.RunAfterTestMethodCallbacks.evaluate(RunAfterTestMethodCallbacks.java:86)
	at org.springframework.test.context.junit4.statements.SpringRepeat.evaluate(SpringRepeat.java:84)
	at org.junit.runners.ParentRunner.runLeaf(ParentRunner.java:325)
	at org.springframework.test.context.junit4.SpringJUnit4ClassRunner.runChild(SpringJUnit4ClassRunner.java:251)
	at org.springframework.test.context.junit4.SpringJUnit4ClassRunner.runChild(SpringJUnit4ClassRunner.java:97)
	at org.junit.runners.ParentRunner$3.run(ParentRunner.java:290)
	at org.junit.runners.ParentRunner$1.schedule(ParentRunner.java:71)
	at org.junit.runners.ParentRunner.runChildren(ParentRunner.java:288)
	at org.junit.runners.ParentRunner.access$000(ParentRunner.java:58)
	at org.junit.runners.ParentRunner$2.evaluate(ParentRunner.java:268)
	at org.springframework.test.context.junit4.statements.RunBeforeTestClassCallbacks.evaluate(RunBeforeTestClassCallbacks.java:61)
	at org.springframework.test.context.junit4.statements.RunAfterTestClassCallbacks.evaluate(RunAfterTestClassCallbacks.java:70)
	at org.junit.runners.ParentRunner.run(ParentRunner.java:363)
	at org.springframework.test.context.junit4.SpringJUnit4ClassRunner.run(SpringJUnit4ClassRunner.java:190)
	at org.gradle.api.internal.tasks.testing.junit.JUnitTestClassExecutor.runTestClass(JUnitTestClassExecutor.java:110)
	at org.gradle.api.internal.tasks.testing.junit.JUnitTestClassExecutor.execute(JUnitTestClassExecutor.java:58)
	at org.gradle.api.internal.tasks.testing.junit.JUnitTestClassExecutor.execute(JUnitTestClassExecutor.java:38)
	at org.gradle.api.internal.tasks.testing.junit.AbstractJUnitTestClassProcessor.processTestClass(AbstractJUnitTestClassProcessor.java:62)
	at org.gradle.api.internal.tasks.testing.SuiteTestClassProcessor.processTestClass(SuiteTestClassProcessor.java:51)
	at sun.reflect.NativeMethodAccessorImpl.invoke0(Native Method)
	at sun.reflect.NativeMethodAccessorImpl.invoke(NativeMethodAccessorImpl.java:62)
	at sun.reflect.DelegatingMethodAccessorImpl.invoke(DelegatingMethodAccessorImpl.java:43)
	at java.lang.reflect.Method.invoke(Method.java:498)
	at org.gradle.internal.dispatch.ReflectionDispatch.dispatch(ReflectionDispatch.java:36)
	at org.gradle.internal.dispatch.ReflectionDispatch.dispatch(ReflectionDispatch.java:24)
	at org.gradle.internal.dispatch.ContextClassLoaderDispatch.dispatch(ContextClassLoaderDispatch.java:33)
	at org.gradle.internal.dispatch.ProxyDispatchAdapter$DispatchingInvocationHandler.invoke(ProxyDispatchAdapter.java:94)
	at com.sun.proxy.$Proxy2.processTestClass(Unknown Source)
	at org.gradle.api.internal.tasks.testing.worker.TestWorker.processTestClass(TestWorker.java:121)
	at sun.reflect.NativeMethodAccessorImpl.invoke0(Native Method)
	at sun.reflect.NativeMethodAccessorImpl.invoke(NativeMethodAccessorImpl.java:62)
	at sun.reflect.DelegatingMethodAccessorImpl.invoke(DelegatingMethodAccessorImpl.java:43)
	at java.lang.reflect.Method.invoke(Method.java:498)
	at org.gradle.internal.dispatch.ReflectionDispatch.dispatch(ReflectionDispatch.java:36)
	at org.gradle.internal.dispatch.ReflectionDispatch.dispatch(ReflectionDispatch.java:24)
	at org.gradle.internal.remote.internal.hub.MessageHubBackedObjectConnection$DispatchWrapper.dispatch(MessageHubBackedObjectConnection.java:182)
	at org.gradle.internal.remote.internal.hub.MessageHubBackedObjectConnection$DispatchWrapper.dispatch(MessageHubBackedObjectConnection.java:164)
	at org.gradle.internal.remote.internal.hub.MessageHub$Handler.run(MessageHub.java:414)
	at org.gradle.internal.concurrent.ExecutorPolicy$CatchAndRecordFailures.onExecute(ExecutorPolicy.java:64)
	at org.gradle.internal.concurrent.ManagedExecutorImpl$1.run(ManagedExecutorImpl.java:48)
	at java.util.concurrent.ThreadPoolExecutor.runWorker(ThreadPoolExecutor.java:1149)
	at java.util.concurrent.ThreadPoolExecutor$Worker.run(ThreadPoolExecutor.java:624)
	at org.gradle.internal.concurrent.ThreadFactoryImpl$ManagedThreadRunnable.run(ThreadFactoryImpl.java:56)
	at java.lang.Thread.run(Thread.java:750)
</failure>
  </testcase>
  <testcase name="로그인_이메일_불일치" classname="com.hwai.backend.service.UserServiceTest" time="0.066"/>
  <testcase name="회원중복" classname="com.hwai.backend.service.UserServiceTest" time="0.034"/>
  <testcase name="회원가입_성공" classname="com.hwai.backend.service.UserServiceTest" time="0.02"/>
  <system-out><![CDATA[00:16:51.658 [Test worker] DEBUG org.springframework.test.context.junit4.SpringJUnit4ClassRunner - SpringJUnit4ClassRunner constructor called with [class com.hwai.backend.service.UserServiceTest]
00:16:51.666 [Test worker] DEBUG org.springframework.test.context.BootstrapUtils - Instantiating CacheAwareContextLoaderDelegate from class [org.springframework.test.context.cache.DefaultCacheAwareContextLoaderDelegate]
00:16:51.674 [Test worker] DEBUG org.springframework.test.context.BootstrapUtils - Instantiating BootstrapContext using constructor [public org.springframework.test.context.support.DefaultBootstrapContext(java.lang.Class,org.springframework.test.context.CacheAwareContextLoaderDelegate)]
00:16:51.713 [Test worker] DEBUG org.springframework.test.context.BootstrapUtils - Instantiating TestContextBootstrapper for test class [com.hwai.backend.service.UserServiceTest] from class [org.springframework.boot.test.context.SpringBootTestContextBootstrapper]
00:16:51.748 [Test worker] INFO org.springframework.boot.test.context.SpringBootTestContextBootstrapper - Neither @ContextConfiguration nor @ContextHierarchy found for test class [com.hwai.backend.service.UserServiceTest], using SpringBootContextLoader
00:16:51.751 [Test worker] DEBUG org.springframework.test.context.support.AbstractContextLoader - Did not detect default resource location for test class [com.hwai.backend.service.UserServiceTest]: class path resource [com/hwai/backend/service/UserServiceTest-context.xml] does not exist
00:16:51.753 [Test worker] DEBUG org.springframework.test.context.support.AbstractContextLoader - Did not detect default resource location for test class [com.hwai.backend.service.UserServiceTest]: class path resource [com/hwai/backend/service/UserServiceTestContext.groovy] does not exist
00:16:51.756 [Test worker] INFO org.springframework.test.context.support.AbstractContextLoader - Could not detect default resource locations for test class [com.hwai.backend.service.UserServiceTest]: no resource found for suffixes {-context.xml, Context.groovy}.
00:16:51.758 [Test worker] INFO org.springframework.test.context.support.AnnotationConfigContextLoaderUtils - Could not detect default configuration classes for test class [com.hwai.backend.service.UserServiceTest]: UserServiceTest does not declare any static, non-private, non-final, nested classes annotated with @Configuration.
00:16:51.803 [Test worker] DEBUG org.springframework.test.context.support.ActiveProfilesUtils - Could not find an 'annotation declaring class' for annotation type [org.springframework.test.context.ActiveProfiles] and class [com.hwai.backend.service.UserServiceTest]
00:16:51.886 [Test worker] DEBUG org.springframework.context.annotation.ClassPathScanningCandidateComponentProvider - Identified candidate component class: file [D:\Users\Lee\Documents\git\Java\project\capstondesign-hwai-be\build\classes\java\main\com\hwai\backend\Application.class]
00:16:51.888 [Test worker] INFO org.springframework.boot.test.context.SpringBootTestContextBootstrapper - Found @SpringBootConfiguration com.hwai.backend.Application for test class com.hwai.backend.service.UserServiceTest
00:16:51.982 [Test worker] DEBUG org.springframework.boot.test.context.SpringBootTestContextBootstrapper - @TestExecutionListeners is not present for class [com.hwai.backend.service.UserServiceTest]: using defaults.
00:16:51.982 [Test worker] INFO org.springframework.boot.test.context.SpringBootTestContextBootstrapper - Loaded default TestExecutionListener class names from location [META-INF/spring.factories]: [org.springframework.security.test.context.support.WithSecurityContextTestExecutionListener, org.springframework.security.test.context.support.ReactorContextTestExecutionListener, org.springframework.boot.test.autoconfigure.restdocs.RestDocsTestExecutionListener, org.springframework.boot.test.autoconfigure.web.client.MockRestServiceServerResetTestExecutionListener, org.springframework.boot.test.autoconfigure.web.servlet.MockMvcPrintOnlyOnFailureTestExecutionListener, org.springframework.boot.test.autoconfigure.web.servlet.WebDriverTestExecutionListener, org.springframework.boot.test.mock.mockito.MockitoTestExecutionListener, org.springframework.boot.test.mock.mockito.ResetMocksTestExecutionListener, org.springframework.test.context.web.ServletTestExecutionListener, org.springframework.test.context.support.DirtiesContextBeforeModesTestExecutionListener, org.springframework.test.context.support.DependencyInjectionTestExecutionListener, org.springframework.test.context.support.DirtiesContextTestExecutionListener, org.springframework.test.context.transaction.TransactionalTestExecutionListener, org.springframework.test.context.jdbc.SqlScriptsTestExecutionListener]
00:16:52.009 [Test worker] INFO org.springframework.boot.test.context.SpringBootTestContextBootstrapper - Using TestExecutionListeners: [org.springframework.test.context.web.ServletTestExecutionListener@3b6a115a, org.springframework.test.context.support.DirtiesContextBeforeModesTestExecutionListener@2e0e681e, org.springframework.boot.test.mock.mockito.MockitoTestExecutionListener@454b8e64, org.springframework.boot.test.autoconfigure.SpringBootDependencyInjectionTestExecutionListener@79e608a0, org.springframework.test.context.support.DirtiesContextTestExecutionListener@12ed2607, org.springframework.test.context.transaction.TransactionalTestExecutionListener@4ffee2dc, org.springframework.test.context.jdbc.SqlScriptsTestExecutionListener@56df6de9, org.springframework.security.test.context.support.WithSecurityContextTestExecutionListener@1f35dc9a, org.springframework.security.test.context.support.ReactorContextTestExecutionListener@64130c65, org.springframework.boot.test.autoconfigure.restdocs.RestDocsTestExecutionListener@5cc3ea39, org.springframework.boot.test.autoconfigure.web.client.MockRestServiceServerResetTestExecutionListener@715e746d, org.springframework.boot.test.autoconfigure.web.servlet.MockMvcPrintOnlyOnFailureTestExecutionListener@40bea7d0, org.springframework.boot.test.autoconfigure.web.servlet.WebDriverTestExecutionListener@3c32fb86, org.springframework.boot.test.mock.mockito.ResetMocksTestExecutionListener@7fe35c1b]
00:16:52.013 [Test worker] DEBUG org.springframework.test.annotation.ProfileValueUtils - Retrieved @ProfileValueSourceConfiguration [null] for test class [com.hwai.backend.service.UserServiceTest]
00:16:52.013 [Test worker] DEBUG org.springframework.test.annotation.ProfileValueUtils - Retrieved ProfileValueSource type [class org.springframework.test.annotation.SystemProfileValueSource] for class [com.hwai.backend.service.UserServiceTest]
00:16:52.015 [Test worker] DEBUG org.springframework.test.annotation.ProfileValueUtils - Retrieved @ProfileValueSourceConfiguration [null] for test class [com.hwai.backend.service.UserServiceTest]
00:16:52.015 [Test worker] DEBUG org.springframework.test.annotation.ProfileValueUtils - Retrieved ProfileValueSource type [class org.springframework.test.annotation.SystemProfileValueSource] for class [com.hwai.backend.service.UserServiceTest]
00:16:52.025 [Test worker] DEBUG org.springframework.test.context.support.AbstractDirtiesContextTestExecutionListener - Before test class: context [DefaultTestContext@5e32ebc5 testClass = UserServiceTest, testInstance = [null], testMethod = [null], testException = [null], mergedContextConfiguration = [WebMergedContextConfiguration@70912e82 testClass = UserServiceTest, locations = '{}', classes = '{class com.hwai.backend.Application}', contextInitializerClasses = '[]', activeProfiles = '{}', propertySourceLocations = '{}', propertySourceProperties = '{org.springframework.boot.test.context.SpringBootTestContextBootstrapper=true, server.port=0}', contextCustomizers = set[org.springframework.boot.test.autoconfigure.properties.PropertyMappingContextCustomizer@0, org.springframework.boot.test.autoconfigure.web.servlet.WebDriverContextCustomizerFactory$Customizer@6338f457, org.springframework.boot.test.context.filter.ExcludeFilterContextCustomizer@7ec6ab6b, org.springframework.boot.test.json.DuplicateJsonObjectContextCustomizerFactory$DuplicateJsonObjectContextCustomizer@230cf112, org.springframework.boot.test.mock.mockito.MockitoContextCustomizer@0, org.springframework.boot.test.web.client.TestRestTemplateContextCustomizer@73660d19], resourceBasePath = 'src/main/webapp', contextLoader = 'org.springframework.boot.test.context.SpringBootContextLoader', parent = [null]], attributes = map['org.springframework.test.context.web.ServletTestExecutionListener.activateListener' -> false]], class annotated with @DirtiesContext [false] with mode [null].
00:16:52.026 [Test worker] DEBUG org.springframework.test.annotation.ProfileValueUtils - Retrieved @ProfileValueSourceConfiguration [null] for test class [com.hwai.backend.service.UserServiceTest]
00:16:52.026 [Test worker] DEBUG org.springframework.test.annotation.ProfileValueUtils - Retrieved ProfileValueSource type [class org.springframework.test.annotation.SystemProfileValueSource] for class [com.hwai.backend.service.UserServiceTest]
00:16:52.031 [Test worker] DEBUG org.springframework.test.context.support.DependencyInjectionTestExecutionListener - Performing dependency injection for test context [[DefaultTestContext@5e32ebc5 testClass = UserServiceTest, testInstance = com.hwai.backend.service.UserServiceTest@52d86033, testMethod = [null], testException = [null], mergedContextConfiguration = [WebMergedContextConfiguration@70912e82 testClass = UserServiceTest, locations = '{}', classes = '{class com.hwai.backend.Application}', contextInitializerClasses = '[]', activeProfiles = '{}', propertySourceLocations = '{}', propertySourceProperties = '{org.springframework.boot.test.context.SpringBootTestContextBootstrapper=true, server.port=0}', contextCustomizers = set[org.springframework.boot.test.autoconfigure.properties.PropertyMappingContextCustomizer@0, org.springframework.boot.test.autoconfigure.web.servlet.WebDriverContextCustomizerFactory$Customizer@6338f457, org.springframework.boot.test.context.filter.ExcludeFilterContextCustomizer@7ec6ab6b, org.springframework.boot.test.json.DuplicateJsonObjectContextCustomizerFactory$DuplicateJsonObjectContextCustomizer@230cf112, org.springframework.boot.test.mock.mockito.MockitoContextCustomizer@0, org.springframework.boot.test.web.client.TestRestTemplateContextCustomizer@73660d19], resourceBasePath = 'src/main/webapp', contextLoader = 'org.springframework.boot.test.context.SpringBootContextLoader', parent = [null]], attributes = map['org.springframework.test.context.web.ServletTestExecutionListener.activateListener' -> false]]].
00:16:52.052 [Test worker] DEBUG org.springframework.test.context.support.TestPropertySourceUtils - Adding inlined properties to environment: {spring.jmx.enabled=false, org.springframework.boot.test.context.SpringBootTestContextBootstrapper=true, server.port=0}

  .   ____          _            __ _ _
 /\\ / ___'_ __ _ _(_)_ __  __ _ \ \ \ \
( ( )\___ | '_ | '_| | '_ \/ _` | \ \ \ \
 \\/  ___)| |_)| | | | | || (_| |  ) ) ) )
  '  |____| .__|_| |_|_| |_\__, | / / / /
 =========|_|==============|___/=/_/_/_/
 :: Spring Boot ::        (v2.1.7.RELEASE)

2022-02-10 00:16:52.326  INFO 10348 --- [    Test worker] c.hwai.backend.service.UserServiceTest   : Starting UserServiceTest on DESKTOP-0R6UP8A with PID 10348 (started by Lee in D:\Users\Lee\Documents\git\Java\project\capstondesign-hwai-be)
2022-02-10 00:16:52.327  INFO 10348 --- [    Test worker] c.hwai.backend.service.UserServiceTest   : No active profile set, falling back to default profiles: default
2022-02-10 00:16:53.265  INFO 10348 --- [    Test worker] .s.d.r.c.RepositoryConfigurationDelegate : Bootstrapping Spring Data repositories in DEFAULT mode.
2022-02-10 00:16:53.336  INFO 10348 --- [    Test worker] .s.d.r.c.RepositoryConfigurationDelegate : Finished Spring Data repository scanning in 63ms. Found 2 repository interfaces.
2022-02-10 00:16:53.778  INFO 10348 --- [    Test worker] trationDelegate$BeanPostProcessorChecker : Bean 'org.springframework.transaction.annotation.ProxyTransactionManagementConfiguration' of type [org.springframework.transaction.annotation.ProxyTransactionManagementConfiguration$$EnhancerBySpringCGLIB$$4b185c9c] is not eligible for getting processed by all BeanPostProcessors (for example: not eligible for auto-proxying)
2022-02-10 00:16:54.269  INFO 10348 --- [    Test worker] o.s.b.w.embedded.tomcat.TomcatWebServer  : Tomcat initialized with port(s): 0 (http)
2022-02-10 00:16:54.294  INFO 10348 --- [    Test worker] o.apache.catalina.core.StandardService   : Starting service [Tomcat]
2022-02-10 00:16:54.295  INFO 10348 --- [    Test worker] org.apache.catalina.core.StandardEngine  : Starting Servlet engine: [Apache Tomcat/9.0.22]
2022-02-10 00:16:54.459  INFO 10348 --- [    Test worker] o.a.c.c.C.[Tomcat].[localhost].[/]       : Initializing Spring embedded WebApplicationContext
2022-02-10 00:16:54.459  INFO 10348 --- [    Test worker] o.s.web.context.ContextLoader            : Root WebApplicationContext: initialization completed in 2115 ms
2022-02-10 00:16:54.729  INFO 10348 --- [    Test worker] com.zaxxer.hikari.HikariDataSource       : HikariPool-1 - Starting...
2022-02-10 00:16:54.889  INFO 10348 --- [    Test worker] com.zaxxer.hikari.HikariDataSource       : HikariPool-1 - Start completed.
2022-02-10 00:16:54.989  INFO 10348 --- [    Test worker] o.hibernate.jpa.internal.util.LogHelper  : HHH000204: Processing PersistenceUnitInfo [
	name: default
	...]
2022-02-10 00:16:55.115  INFO 10348 --- [    Test worker] org.hibernate.Version                    : HHH000412: Hibernate Core {5.3.10.Final}
2022-02-10 00:16:55.117  INFO 10348 --- [    Test worker] org.hibernate.cfg.Environment            : HHH000206: hibernate.properties not found
2022-02-10 00:16:55.303  INFO 10348 --- [    Test worker] o.hibernate.annotations.common.Version   : HCANN000001: Hibernate Commons Annotations {5.0.4.Final}
2022-02-10 00:16:55.470  INFO 10348 --- [    Test worker] org.hibernate.dialect.Dialect            : HHH000400: Using dialect: org.hibernate.dialect.MySQL5Dialect
Hibernate: drop table if exists book
Hibernate: drop table if exists user
Hibernate: create table book (id bigint not null auto_increment, current varchar(255), due_date datetime, title varchar(255) not null, user_id bigint, primary key (id)) engine=MyISAM
Hibernate: create table user (id bigint not null auto_increment, admin bit not null, birth varchar(255) not null, email varchar(255) not null, name varchar(255) not null, pw varchar(255) not null, tel varchar(255) not null, primary key (id)) engine=MyISAM
Hibernate: alter table book add constraint FK1wxwagv6cm3vjrxqhmv884hir foreign key (user_id) references user (id)
2022-02-10 00:16:56.258  INFO 10348 --- [    Test worker] o.h.t.schema.internal.SchemaCreatorImpl  : HHH000476: Executing import script 'org.hibernate.tool.schema.internal.exec.ScriptSourceInputNonExistentImpl@6230f568'
2022-02-10 00:16:56.262  INFO 10348 --- [    Test worker] j.LocalContainerEntityManagerFactoryBean : Initialized JPA EntityManagerFactory for persistence unit 'default'
2022-02-10 00:16:57.245  INFO 10348 --- [    Test worker] o.s.s.concurrent.ThreadPoolTaskExecutor  : Initializing ExecutorService 'applicationTaskExecutor'
2022-02-10 00:16:57.304  WARN 10348 --- [    Test worker] aWebConfiguration$JpaWebMvcConfiguration : spring.jpa.open-in-view is enabled by default. Therefore, database queries may be performed during view rendering. Explicitly configure spring.jpa.open-in-view to disable this warning
2022-02-10 00:16:57.829  INFO 10348 --- [    Test worker] o.s.b.w.embedded.tomcat.TomcatWebServer  : Tomcat started on port(s): 1545 (http) with context path ''
2022-02-10 00:16:57.838  INFO 10348 --- [    Test worker] c.hwai.backend.service.UserServiceTest   : Started UserServiceTest in 5.783 seconds (JVM running for 7.141)
Hibernate: insert into user (admin, birth, email, name, pw, tel) values (?, ?, ?, ?, ?, ?)
Hibernate: select user0_.id as id1_1_0_, user0_.admin as admin2_1_0_, user0_.birth as birth3_1_0_, user0_.email as email4_1_0_, user0_.name as name5_1_0_, user0_.pw as pw6_1_0_, user0_.tel as tel7_1_0_ from user user0_ where user0_.id=?
Hibernate: select books0_.user_id as user_id5_0_0_, books0_.id as id1_0_0_, books0_.id as id1_0_1_, books0_.current as current2_0_1_, books0_.due_date as due_date3_0_1_, books0_.title as title4_0_1_, books0_.user_id as user_id5_0_1_ from book books0_ where books0_.user_id=?
Hibernate: delete from user where id=?
2022-02-10 00:16:58.110  INFO 10348 --- [    Test worker] o.h.h.i.QueryTranslatorFactoryInitiator  : HHH000397: Using ASTQueryTranslatorFactory
Hibernate: select user0_.id as id1_1_, user0_.admin as admin2_1_, user0_.birth as birth3_1_, user0_.email as email4_1_, user0_.name as name5_1_, user0_.pw as pw6_1_, user0_.tel as tel7_1_ from user user0_
Hibernate: select book0_.id as id1_0_, book0_.current as current2_0_, book0_.due_date as due_date3_0_, book0_.title as title4_0_, book0_.user_id as user_id5_0_ from book book0_
Hibernate: select user0_.id as col_0_0_ from user user0_ where user0_.email=? limit ?
Hibernate: insert into user (admin, birth, email, name, pw, tel) values (?, ?, ?, ?, ?, ?)
Hibernate: select user0_.id as id1_1_, user0_.admin as admin2_1_, user0_.birth as birth3_1_, user0_.email as email4_1_, user0_.name as name5_1_, user0_.pw as pw6_1_, user0_.tel as tel7_1_ from user user0_ where user0_.email=?
Hibernate: select user0_.id as id1_1_, user0_.admin as admin2_1_, user0_.birth as birth3_1_, user0_.email as email4_1_, user0_.name as name5_1_, user0_.pw as pw6_1_, user0_.tel as tel7_1_ from user user0_ where user0_.email=?
Hibernate: select user0_.id as id1_1_, user0_.admin as admin2_1_, user0_.birth as birth3_1_, user0_.email as email4_1_, user0_.name as name5_1_, user0_.pw as pw6_1_, user0_.tel as tel7_1_ from user user0_
Hibernate: select books0_.user_id as user_id5_0_0_, books0_.id as id1_0_0_, books0_.id as id1_0_1_, books0_.current as current2_0_1_, books0_.due_date as due_date3_0_1_, books0_.title as title4_0_1_, books0_.user_id as user_id5_0_1_ from book books0_ where books0_.user_id=?
Hibernate: delete from user where id=?
Hibernate: select book0_.id as id1_0_, book0_.current as current2_0_, book0_.due_date as due_date3_0_, book0_.title as title4_0_, book0_.user_id as user_id5_0_ from book book0_
Hibernate: insert into user (admin, birth, email, name, pw, tel) values (?, ?, ?, ?, ?, ?)
Hibernate: select user0_.id as id1_1_, user0_.admin as admin2_1_, user0_.birth as birth3_1_, user0_.email as email4_1_, user0_.name as name5_1_, user0_.pw as pw6_1_, user0_.tel as tel7_1_ from user user0_
Hibernate: select books0_.user_id as user_id5_0_0_, books0_.id as id1_0_0_, books0_.id as id1_0_1_, books0_.current as current2_0_1_, books0_.due_date as due_date3_0_1_, books0_.title as title4_0_1_, books0_.user_id as user_id5_0_1_ from book books0_ where books0_.user_id=?
Hibernate: delete from user where id=?
Hibernate: select book0_.id as id1_0_, book0_.current as current2_0_, book0_.due_date as due_date3_0_, book0_.title as title4_0_, book0_.user_id as user_id5_0_ from book book0_
Hibernate: insert into user (admin, birth, email, name, pw, tel) values (?, ?, ?, ?, ?, ?)
Hibernate: select user0_.id as id1_1_, user0_.admin as admin2_1_, user0_.birth as birth3_1_, user0_.email as email4_1_, user0_.name as name5_1_, user0_.pw as pw6_1_, user0_.tel as tel7_1_ from user user0_
Hibernate: select books0_.user_id as user_id5_0_0_, books0_.id as id1_0_0_, books0_.id as id1_0_1_, books0_.current as current2_0_1_, books0_.due_date as due_date3_0_1_, books0_.title as title4_0_1_, books0_.user_id as user_id5_0_1_ from book books0_ where books0_.user_id=?
Hibernate: delete from user where id=?
Hibernate: select book0_.id as id1_0_, book0_.current as current2_0_, book0_.due_date as due_date3_0_, book0_.title as title4_0_, book0_.user_id as user_id5_0_ from book book0_
Hibernate: insert into user (admin, birth, email, name, pw, tel) values (?, ?, ?, ?, ?, ?)
Hibernate: select user0_.id as id1_1_0_, user0_.admin as admin2_1_0_, user0_.birth as birth3_1_0_, user0_.email as email4_1_0_, user0_.name as name5_1_0_, user0_.pw as pw6_1_0_, user0_.tel as tel7_1_0_ from user user0_ where user0_.id=?
Hibernate: select user0_.id as id1_1_, user0_.admin as admin2_1_, user0_.birth as birth3_1_, user0_.email as email4_1_, user0_.name as name5_1_, user0_.pw as pw6_1_, user0_.tel as tel7_1_ from user user0_
Hibernate: select books0_.user_id as user_id5_0_0_, books0_.id as id1_0_0_, books0_.id as id1_0_1_, books0_.current as current2_0_1_, books0_.due_date as due_date3_0_1_, books0_.title as title4_0_1_, books0_.user_id as user_id5_0_1_ from book books0_ where books0_.user_id=?
Hibernate: delete from user where id=?
Hibernate: select book0_.id as id1_0_, book0_.current as current2_0_, book0_.due_date as due_date3_0_, book0_.title as title4_0_, book0_.user_id as user_id5_0_ from book book0_
Hibernate: insert into user (admin, birth, email, name, pw, tel) values (?, ?, ?, ?, ?, ?)
Hibernate: select user0_.id as id1_1_, user0_.admin as admin2_1_, user0_.birth as birth3_1_, user0_.email as email4_1_, user0_.name as name5_1_, user0_.pw as pw6_1_, user0_.tel as tel7_1_ from user user0_ where user0_.email=?
Hibernate: select user0_.id as id1_1_, user0_.admin as admin2_1_, user0_.birth as birth3_1_, user0_.email as email4_1_, user0_.name as name5_1_, user0_.pw as pw6_1_, user0_.tel as tel7_1_ from user user0_
Hibernate: select books0_.user_id as user_id5_0_0_, books0_.id as id1_0_0_, books0_.id as id1_0_1_, books0_.current as current2_0_1_, books0_.due_date as due_date3_0_1_, books0_.title as title4_0_1_, books0_.user_id as user_id5_0_1_ from book books0_ where books0_.user_id=?
Hibernate: delete from user where id=?
Hibernate: select book0_.id as id1_0_, book0_.current as current2_0_, book0_.due_date as due_date3_0_, book0_.title as title4_0_, book0_.user_id as user_id5_0_ from book book0_
Hibernate: insert into user (admin, birth, email, name, pw, tel) values (?, ?, ?, ?, ?, ?)
Hibernate: select user0_.id as id1_1_, user0_.admin as admin2_1_, user0_.birth as birth3_1_, user0_.email as email4_1_, user0_.name as name5_1_, user0_.pw as pw6_1_, user0_.tel as tel7_1_ from user user0_
Hibernate: select books0_.user_id as user_id5_0_0_, books0_.id as id1_0_0_, books0_.id as id1_0_1_, books0_.current as current2_0_1_, books0_.due_date as due_date3_0_1_, books0_.title as title4_0_1_, books0_.user_id as user_id5_0_1_ from book books0_ where books0_.user_id=?
Hibernate: delete from user where id=?
Hibernate: select book0_.id as id1_0_, book0_.current as current2_0_, book0_.due_date as due_date3_0_, book0_.title as title4_0_, book0_.user_id as user_id5_0_ from book book0_
Hibernate: insert into user (admin, birth, email, name, pw, tel) values (?, ?, ?, ?, ?, ?)
Hibernate: select user0_.id as id1_1_, user0_.admin as admin2_1_, user0_.birth as birth3_1_, user0_.email as email4_1_, user0_.name as name5_1_, user0_.pw as pw6_1_, user0_.tel as tel7_1_ from user user0_ where user0_.email=?
Hibernate: select user0_.id as id1_1_, user0_.admin as admin2_1_, user0_.birth as birth3_1_, user0_.email as email4_1_, user0_.name as name5_1_, user0_.pw as pw6_1_, user0_.tel as tel7_1_ from user user0_
Hibernate: select books0_.user_id as user_id5_0_0_, books0_.id as id1_0_0_, books0_.id as id1_0_1_, books0_.current as current2_0_1_, books0_.due_date as due_date3_0_1_, books0_.title as title4_0_1_, books0_.user_id as user_id5_0_1_ from book books0_ where books0_.user_id=?
Hibernate: delete from user where id=?
Hibernate: select book0_.id as id1_0_, book0_.current as current2_0_, book0_.due_date as due_date3_0_, book0_.title as title4_0_, book0_.user_id as user_id5_0_ from book book0_
Hibernate: insert into user (admin, birth, email, name, pw, tel) values (?, ?, ?, ?, ?, ?)
Hibernate: select user0_.id as col_0_0_ from user user0_ where user0_.email=? limit ?
Hibernate: select user0_.id as id1_1_, user0_.admin as admin2_1_, user0_.birth as birth3_1_, user0_.email as email4_1_, user0_.name as name5_1_, user0_.pw as pw6_1_, user0_.tel as tel7_1_ from user user0_
Hibernate: select books0_.user_id as user_id5_0_0_, books0_.id as id1_0_0_, books0_.id as id1_0_1_, books0_.current as current2_0_1_, books0_.due_date as due_date3_0_1_, books0_.title as title4_0_1_, books0_.user_id as user_id5_0_1_ from book books0_ where books0_.user_id=?
Hibernate: delete from user where id=?
Hibernate: select book0_.id as id1_0_, book0_.current as current2_0_, book0_.due_date as due_date3_0_, book0_.title as title4_0_, book0_.user_id as user_id5_0_ from book book0_
Hibernate: select user0_.id as col_0_0_ from user user0_ where user0_.email=? limit ?
Hibernate: insert into user (admin, birth, email, name, pw, tel) values (?, ?, ?, ?, ?, ?)
Hibernate: select user0_.id as id1_1_, user0_.admin as admin2_1_, user0_.birth as birth3_1_, user0_.email as email4_1_, user0_.name as name5_1_, user0_.pw as pw6_1_, user0_.tel as tel7_1_ from user user0_
Hibernate: select books0_.user_id as user_id5_0_0_, books0_.id as id1_0_0_, books0_.id as id1_0_1_, books0_.current as current2_0_1_, books0_.due_date as due_date3_0_1_, books0_.title as title4_0_1_, books0_.user_id as user_id5_0_1_ from book books0_ where books0_.user_id=?
Hibernate: delete from user where id=?
Hibernate: select book0_.id as id1_0_, book0_.current as current2_0_, book0_.due_date as due_date3_0_, book0_.title as title4_0_, book0_.user_id as user_id5_0_ from book book0_
]]></system-out>
  <system-err><![CDATA[]]></system-err>
</testsuite>
