<?xml version="1.0" encoding="UTF-8"?>
<testsuite name="com.hwai.backend.service.UserServiceTest" tests="9" skipped="0" failures="1" errors="0" timestamp="2022-02-12T05:32:08" hostname="DESKTOP-0R6UP8A" time="0.377">
  <properties/>
  <testcase name="회원탈퇴_성공" classname="com.hwai.backend.service.UserServiceTest" time="0.038"/>
  <testcase name="로그인_성공" classname="com.hwai.backend.service.UserServiceTest" time="0.101"/>
  <testcase name="비밀번호_변경_성공" classname="com.hwai.backend.service.UserServiceTest" time="0.044"/>
  <testcase name="대출중인_책_리스트_조회" classname="com.hwai.backend.service.UserServiceTest" time="0.075">
    <failure message="java.lang.IndexOutOfBoundsException: Index: 1, Size: 1" type="java.lang.IndexOutOfBoundsException">java.lang.IndexOutOfBoundsException: Index: 1, Size: 1
	at java.util.ArrayList.rangeCheck(ArrayList.java:659)
	at java.util.ArrayList.get(ArrayList.java:435)
	at com.hwai.backend.service.UserServiceTest.대출중인_책_리스트_조회(UserServiceTest.java:279)
	at sun.reflect.NativeMethodAccessorImpl.invoke0(Native Method)
	at sun.reflect.NativeMethodAccessorImpl.invoke(NativeMethodAccessorImpl.java:62)
	at sun.reflect.DelegatingMethodAccessorImpl.invoke(DelegatingMethodAccessorImpl.java:43)
	at java.lang.reflect.Method.invoke(Method.java:498)
	at org.junit.runners.model.FrameworkMethod$1.runReflectiveCall(FrameworkMethod.java:50)
	at org.junit.internal.runners.model.ReflectiveCallable.run(ReflectiveCallable.java:12)
	at org.junit.runners.model.FrameworkMethod.invokeExplosively(FrameworkMethod.java:47)
	at org.junit.internal.runners.statements.InvokeMethod.evaluate(InvokeMethod.java:17)
	at org.springframework.test.context.junit4.statements.RunBeforeTestExecutionCallbacks.evaluate(RunBeforeTestExecutionCallbacks.java:74)
	at org.springframework.test.context.junit4.statements.RunAfterTestExecutionCallbacks.evaluate(RunAfterTestExecutionCallbacks.java:84)
	at org.springframework.test.context.junit4.statements.RunBeforeTestMethodCallbacks.evaluate(RunBeforeTestMethodCallbacks.java:75)
	at org.junit.internal.runners.statements.RunAfters.evaluate(RunAfters.java:27)
	at org.springframework.test.context.junit4.statements.RunAfterTestMethodCallbacks.evaluate(RunAfterTestMethodCallbacks.java:86)
	at org.springframework.test.context.junit4.statements.SpringRepeat.evaluate(SpringRepeat.java:84)
	at org.junit.runners.ParentRunner.runLeaf(ParentRunner.java:325)
	at org.springframework.test.context.junit4.SpringJUnit4ClassRunner.runChild(SpringJUnit4ClassRunner.java:251)
	at org.springframework.test.context.junit4.SpringJUnit4ClassRunner.runChild(SpringJUnit4ClassRunner.java:97)
	at org.junit.runners.ParentRunner$3.run(ParentRunner.java:290)
	at org.junit.runners.ParentRunner$1.schedule(ParentRunner.java:71)
	at org.junit.runners.ParentRunner.runChildren(ParentRunner.java:288)
	at org.junit.runners.ParentRunner.access$000(ParentRunner.java:58)
	at org.junit.runners.ParentRunner$2.evaluate(ParentRunner.java:268)
	at org.springframework.test.context.junit4.statements.RunBeforeTestClassCallbacks.evaluate(RunBeforeTestClassCallbacks.java:61)
	at org.springframework.test.context.junit4.statements.RunAfterTestClassCallbacks.evaluate(RunAfterTestClassCallbacks.java:70)
	at org.junit.runners.ParentRunner.run(ParentRunner.java:363)
	at org.springframework.test.context.junit4.SpringJUnit4ClassRunner.run(SpringJUnit4ClassRunner.java:190)
	at org.gradle.api.internal.tasks.testing.junit.JUnitTestClassExecutor.runTestClass(JUnitTestClassExecutor.java:110)
	at org.gradle.api.internal.tasks.testing.junit.JUnitTestClassExecutor.execute(JUnitTestClassExecutor.java:58)
	at org.gradle.api.internal.tasks.testing.junit.JUnitTestClassExecutor.execute(JUnitTestClassExecutor.java:38)
	at org.gradle.api.internal.tasks.testing.junit.AbstractJUnitTestClassProcessor.processTestClass(AbstractJUnitTestClassProcessor.java:62)
	at org.gradle.api.internal.tasks.testing.SuiteTestClassProcessor.processTestClass(SuiteTestClassProcessor.java:51)
	at sun.reflect.NativeMethodAccessorImpl.invoke0(Native Method)
	at sun.reflect.NativeMethodAccessorImpl.invoke(NativeMethodAccessorImpl.java:62)
	at sun.reflect.DelegatingMethodAccessorImpl.invoke(DelegatingMethodAccessorImpl.java:43)
	at java.lang.reflect.Method.invoke(Method.java:498)
	at org.gradle.internal.dispatch.ReflectionDispatch.dispatch(ReflectionDispatch.java:36)
	at org.gradle.internal.dispatch.ReflectionDispatch.dispatch(ReflectionDispatch.java:24)
	at org.gradle.internal.dispatch.ContextClassLoaderDispatch.dispatch(ContextClassLoaderDispatch.java:33)
	at org.gradle.internal.dispatch.ProxyDispatchAdapter$DispatchingInvocationHandler.invoke(ProxyDispatchAdapter.java:94)
	at com.sun.proxy.$Proxy2.processTestClass(Unknown Source)
	at org.gradle.api.internal.tasks.testing.worker.TestWorker.processTestClass(TestWorker.java:121)
	at sun.reflect.NativeMethodAccessorImpl.invoke0(Native Method)
	at sun.reflect.NativeMethodAccessorImpl.invoke(NativeMethodAccessorImpl.java:62)
	at sun.reflect.DelegatingMethodAccessorImpl.invoke(DelegatingMethodAccessorImpl.java:43)
	at java.lang.reflect.Method.invoke(Method.java:498)
	at org.gradle.internal.dispatch.ReflectionDispatch.dispatch(ReflectionDispatch.java:36)
	at org.gradle.internal.dispatch.ReflectionDispatch.dispatch(ReflectionDispatch.java:24)
	at org.gradle.internal.remote.internal.hub.MessageHubBackedObjectConnection$DispatchWrapper.dispatch(MessageHubBackedObjectConnection.java:182)
	at org.gradle.internal.remote.internal.hub.MessageHubBackedObjectConnection$DispatchWrapper.dispatch(MessageHubBackedObjectConnection.java:164)
	at org.gradle.internal.remote.internal.hub.MessageHub$Handler.run(MessageHub.java:414)
	at org.gradle.internal.concurrent.ExecutorPolicy$CatchAndRecordFailures.onExecute(ExecutorPolicy.java:64)
	at org.gradle.internal.concurrent.ManagedExecutorImpl$1.run(ManagedExecutorImpl.java:48)
	at java.util.concurrent.ThreadPoolExecutor.runWorker(ThreadPoolExecutor.java:1149)
	at java.util.concurrent.ThreadPoolExecutor$Worker.run(ThreadPoolExecutor.java:624)
	at org.gradle.internal.concurrent.ThreadFactoryImpl$ManagedThreadRunnable.run(ThreadFactoryImpl.java:56)
	at java.lang.Thread.run(Thread.java:750)
</failure>
  </testcase>
  <testcase name="페이지_불러오기" classname="com.hwai.backend.service.UserServiceTest" time="0.012"/>
  <testcase name="로그인_비밀번호_불일치" classname="com.hwai.backend.service.UserServiceTest" time="0.034"/>
  <testcase name="로그인_이메일_불일치" classname="com.hwai.backend.service.UserServiceTest" time="0.011"/>
  <testcase name="회원중복" classname="com.hwai.backend.service.UserServiceTest" time="0.017"/>
  <testcase name="회원가입_성공" classname="com.hwai.backend.service.UserServiceTest" time="0.029"/>
  <system-out><![CDATA[2022-02-12 14:32:06.636  INFO 20076 --- [    Test worker] .b.t.c.SpringBootTestContextBootstrapper : Neither @ContextConfiguration nor @ContextHierarchy found for test class [com.hwai.backend.service.UserServiceTest], using SpringBootContextLoader
2022-02-12 14:32:06.649  INFO 20076 --- [    Test worker] o.s.t.c.support.AbstractContextLoader    : Could not detect default resource locations for test class [com.hwai.backend.service.UserServiceTest]: no resource found for suffixes {-context.xml, Context.groovy}.
2022-02-12 14:32:06.650  INFO 20076 --- [    Test worker] t.c.s.AnnotationConfigContextLoaderUtils : Could not detect default configuration classes for test class [com.hwai.backend.service.UserServiceTest]: UserServiceTest does not declare any static, non-private, non-final, nested classes annotated with @Configuration.
2022-02-12 14:32:06.654  INFO 20076 --- [    Test worker] .b.t.c.SpringBootTestContextBootstrapper : Found @SpringBootConfiguration com.hwai.backend.Application for test class com.hwai.backend.service.UserServiceTest
2022-02-12 14:32:06.661  INFO 20076 --- [    Test worker] .b.t.c.SpringBootTestContextBootstrapper : Loaded default TestExecutionListener class names from location [META-INF/spring.factories]: [org.springframework.security.test.context.support.WithSecurityContextTestExecutionListener, org.springframework.security.test.context.support.ReactorContextTestExecutionListener, org.springframework.boot.test.autoconfigure.restdocs.RestDocsTestExecutionListener, org.springframework.boot.test.autoconfigure.web.client.MockRestServiceServerResetTestExecutionListener, org.springframework.boot.test.autoconfigure.web.servlet.MockMvcPrintOnlyOnFailureTestExecutionListener, org.springframework.boot.test.autoconfigure.web.servlet.WebDriverTestExecutionListener, org.springframework.boot.test.mock.mockito.MockitoTestExecutionListener, org.springframework.boot.test.mock.mockito.ResetMocksTestExecutionListener, org.springframework.test.context.web.ServletTestExecutionListener, org.springframework.test.context.support.DirtiesContextBeforeModesTestExecutionListener, org.springframework.test.context.support.DependencyInjectionTestExecutionListener, org.springframework.test.context.support.DirtiesContextTestExecutionListener, org.springframework.test.context.transaction.TransactionalTestExecutionListener, org.springframework.test.context.jdbc.SqlScriptsTestExecutionListener]
2022-02-12 14:32:06.665  INFO 20076 --- [    Test worker] .b.t.c.SpringBootTestContextBootstrapper : Using TestExecutionListeners: [org.springframework.test.context.web.ServletTestExecutionListener@5e524bf, org.springframework.test.context.support.DirtiesContextBeforeModesTestExecutionListener@48ab19ae, org.springframework.boot.test.mock.mockito.MockitoTestExecutionListener@6fabeaa, org.springframework.boot.test.autoconfigure.SpringBootDependencyInjectionTestExecutionListener@4363531b, org.springframework.test.context.support.DirtiesContextTestExecutionListener@6f8f5714, org.springframework.test.context.transaction.TransactionalTestExecutionListener@7ff94522, org.springframework.test.context.jdbc.SqlScriptsTestExecutionListener@2c25bb99, org.springframework.security.test.context.support.WithSecurityContextTestExecutionListener@7507ce8d, org.springframework.security.test.context.support.ReactorContextTestExecutionListener@60a510ce, org.springframework.boot.test.autoconfigure.restdocs.RestDocsTestExecutionListener@554099ad, org.springframework.boot.test.autoconfigure.web.client.MockRestServiceServerResetTestExecutionListener@54b819ef, org.springframework.boot.test.autoconfigure.web.servlet.MockMvcPrintOnlyOnFailureTestExecutionListener@1f00c653, org.springframework.boot.test.autoconfigure.web.servlet.WebDriverTestExecutionListener@576b961d, org.springframework.boot.test.mock.mockito.ResetMocksTestExecutionListener@6b7f0ac]

  .   ____          _            __ _ _
 /\\ / ___'_ __ _ _(_)_ __  __ _ \ \ \ \
( ( )\___ | '_ | '_| | '_ \/ _` | \ \ \ \
 \\/  ___)| |_)| | | | | || (_| |  ) ) ) )
  '  |____| .__|_| |_|_| |_\__, | / / / /
 =========|_|==============|___/=/_/_/_/
 :: Spring Boot ::        (v2.1.7.RELEASE)

2022-02-12 14:32:06.733  INFO 20076 --- [    Test worker] c.hwai.backend.service.UserServiceTest   : Starting UserServiceTest on DESKTOP-0R6UP8A with PID 20076 (started by Lee in D:\Users\Lee\Documents\git\Java\project\capstondesign-hwai-be)
2022-02-12 14:32:06.733  INFO 20076 --- [    Test worker] c.hwai.backend.service.UserServiceTest   : No active profile set, falling back to default profiles: default
2022-02-12 14:32:06.950  INFO 20076 --- [    Test worker] .s.d.r.c.RepositoryConfigurationDelegate : Bootstrapping Spring Data repositories in DEFAULT mode.
2022-02-12 14:32:06.971  INFO 20076 --- [    Test worker] .s.d.r.c.RepositoryConfigurationDelegate : Finished Spring Data repository scanning in 21ms. Found 2 repository interfaces.
2022-02-12 14:32:07.047  INFO 20076 --- [    Test worker] trationDelegate$BeanPostProcessorChecker : Bean 'org.springframework.transaction.annotation.ProxyTransactionManagementConfiguration' of type [org.springframework.transaction.annotation.ProxyTransactionManagementConfiguration$$EnhancerBySpringCGLIB$$5a83df7c] is not eligible for getting processed by all BeanPostProcessors (for example: not eligible for auto-proxying)
2022-02-12 14:32:07.126  INFO 20076 --- [    Test worker] com.zaxxer.hikari.HikariDataSource       : HikariPool-2 - Starting...
2022-02-12 14:32:07.128  INFO 20076 --- [    Test worker] com.zaxxer.hikari.HikariDataSource       : HikariPool-2 - Start completed.
2022-02-12 14:32:07.156  INFO 20076 --- [    Test worker] o.hibernate.jpa.internal.util.LogHelper  : HHH000204: Processing PersistenceUnitInfo [
	name: default
	...]
2022-02-12 14:32:07.165  INFO 20076 --- [    Test worker] org.hibernate.dialect.Dialect            : HHH000400: Using dialect: org.hibernate.dialect.MySQL5InnoDBDialect
Hibernate: alter table book drop foreign key FK1wxwagv6cm3vjrxqhmv884hir
Hibernate: drop table if exists book
Hibernate: drop table if exists user
Hibernate: create table book (id bigint not null auto_increment, current varchar(255), due_date datetime, genre varchar(255) not null, origin varchar(255) not null, title varchar(255) not null, user_id bigint, primary key (id)) engine=InnoDB
Hibernate: create table user (id bigint not null auto_increment, admin bit not null, birth varchar(255) not null, email varchar(255) not null, name varchar(255) not null, pw varchar(255) not null, tel varchar(255) not null, primary key (id)) engine=InnoDB
Hibernate: alter table book add constraint FK1wxwagv6cm3vjrxqhmv884hir foreign key (user_id) references user (id)
2022-02-12 14:32:07.216  INFO 20076 --- [    Test worker] o.h.t.schema.internal.SchemaCreatorImpl  : HHH000476: Executing import script 'org.hibernate.tool.schema.internal.exec.ScriptSourceInputNonExistentImpl@1aa9fab2'
2022-02-12 14:32:07.217  INFO 20076 --- [    Test worker] j.LocalContainerEntityManagerFactoryBean : Initialized JPA EntityManagerFactory for persistence unit 'default'
2022-02-12 14:32:07.875  INFO 20076 --- [    Test worker] o.s.s.concurrent.ThreadPoolTaskExecutor  : Initializing ExecutorService 'applicationTaskExecutor'
2022-02-12 14:32:07.890  WARN 20076 --- [    Test worker] aWebConfiguration$JpaWebMvcConfiguration : spring.jpa.open-in-view is enabled by default. Therefore, database queries may be performed during view rendering. Explicitly configure spring.jpa.open-in-view to disable this warning
2022-02-12 14:32:08.236  INFO 20076 --- [    Test worker] c.hwai.backend.service.UserServiceTest   : Started UserServiceTest in 1.56 seconds (JVM running for 9.072)
Hibernate: insert into user (admin, birth, email, name, pw, tel) values (?, ?, ?, ?, ?, ?)
Hibernate: select user0_.id as id1_1_0_, user0_.admin as admin2_1_0_, user0_.birth as birth3_1_0_, user0_.email as email4_1_0_, user0_.name as name5_1_0_, user0_.pw as pw6_1_0_, user0_.tel as tel7_1_0_ from user user0_ where user0_.id=?
Hibernate: select books0_.user_id as user_id7_0_0_, books0_.id as id1_0_0_, books0_.id as id1_0_1_, books0_.current as current2_0_1_, books0_.due_date as due_date3_0_1_, books0_.genre as genre4_0_1_, books0_.origin as origin5_0_1_, books0_.title as title6_0_1_, books0_.user_id as user_id7_0_1_ from book books0_ where books0_.user_id=?
Hibernate: delete from user where id=?
2022-02-12 14:32:08.284  INFO 20076 --- [    Test worker] o.h.h.i.QueryTranslatorFactoryInitiator  : HHH000397: Using ASTQueryTranslatorFactory
Hibernate: select book0_.id as id1_0_, book0_.current as current2_0_, book0_.due_date as due_date3_0_, book0_.genre as genre4_0_, book0_.origin as origin5_0_, book0_.title as title6_0_, book0_.user_id as user_id7_0_ from book book0_
Hibernate: select user0_.id as id1_1_, user0_.admin as admin2_1_, user0_.birth as birth3_1_, user0_.email as email4_1_, user0_.name as name5_1_, user0_.pw as pw6_1_, user0_.tel as tel7_1_ from user user0_
Hibernate: select user0_.id as col_0_0_ from user user0_ where user0_.email=? limit ?
Hibernate: insert into user (admin, birth, email, name, pw, tel) values (?, ?, ?, ?, ?, ?)
Hibernate: select user0_.id as id1_1_, user0_.admin as admin2_1_, user0_.birth as birth3_1_, user0_.email as email4_1_, user0_.name as name5_1_, user0_.pw as pw6_1_, user0_.tel as tel7_1_ from user user0_ where user0_.email=?
Hibernate: select user0_.id as id1_1_, user0_.admin as admin2_1_, user0_.birth as birth3_1_, user0_.email as email4_1_, user0_.name as name5_1_, user0_.pw as pw6_1_, user0_.tel as tel7_1_ from user user0_ where user0_.email=?
Hibernate: select book0_.id as id1_0_, book0_.current as current2_0_, book0_.due_date as due_date3_0_, book0_.genre as genre4_0_, book0_.origin as origin5_0_, book0_.title as title6_0_, book0_.user_id as user_id7_0_ from book book0_
Hibernate: select user0_.id as id1_1_, user0_.admin as admin2_1_, user0_.birth as birth3_1_, user0_.email as email4_1_, user0_.name as name5_1_, user0_.pw as pw6_1_, user0_.tel as tel7_1_ from user user0_
Hibernate: select books0_.user_id as user_id7_0_0_, books0_.id as id1_0_0_, books0_.id as id1_0_1_, books0_.current as current2_0_1_, books0_.due_date as due_date3_0_1_, books0_.genre as genre4_0_1_, books0_.origin as origin5_0_1_, books0_.title as title6_0_1_, books0_.user_id as user_id7_0_1_ from book books0_ where books0_.user_id=?
Hibernate: delete from user where id=?
Hibernate: select book0_.id as id1_0_, book0_.current as current2_0_, book0_.due_date as due_date3_0_, book0_.genre as genre4_0_, book0_.origin as origin5_0_, book0_.title as title6_0_, book0_.user_id as user_id7_0_ from book book0_
Hibernate: select user0_.id as id1_1_, user0_.admin as admin2_1_, user0_.birth as birth3_1_, user0_.email as email4_1_, user0_.name as name5_1_, user0_.pw as pw6_1_, user0_.tel as tel7_1_ from user user0_
Hibernate: insert into user (admin, birth, email, name, pw, tel) values (?, ?, ?, ?, ?, ?)
Hibernate: insert into book (current, due_date, genre, origin, title, user_id) values (?, ?, ?, ?, ?, ?)
Hibernate: insert into book (current, due_date, genre, origin, title, user_id) values (?, ?, ?, ?, ?, ?)
Hibernate: insert into book (current, due_date, genre, origin, title, user_id) values (?, ?, ?, ?, ?, ?)
Hibernate: select user0_.id as id1_1_0_, user0_.admin as admin2_1_0_, user0_.birth as birth3_1_0_, user0_.email as email4_1_0_, user0_.name as name5_1_0_, user0_.pw as pw6_1_0_, user0_.tel as tel7_1_0_ from user user0_ where user0_.id=?
Hibernate: select book0_.id as id1_0_0_, book0_.current as current2_0_0_, book0_.due_date as due_date3_0_0_, book0_.genre as genre4_0_0_, book0_.origin as origin5_0_0_, book0_.title as title6_0_0_, book0_.user_id as user_id7_0_0_ from book book0_ where book0_.id=?
Hibernate: update book set current=?, due_date=?, genre=?, origin=?, title=?, user_id=? where id=?
Hibernate: select user0_.id as id1_1_0_, user0_.admin as admin2_1_0_, user0_.birth as birth3_1_0_, user0_.email as email4_1_0_, user0_.name as name5_1_0_, user0_.pw as pw6_1_0_, user0_.tel as tel7_1_0_ from user user0_ where user0_.id=?
Hibernate: select books0_.user_id as user_id7_0_0_, books0_.id as id1_0_0_, books0_.id as id1_0_1_, books0_.current as current2_0_1_, books0_.due_date as due_date3_0_1_, books0_.genre as genre4_0_1_, books0_.origin as origin5_0_1_, books0_.title as title6_0_1_, books0_.user_id as user_id7_0_1_ from book books0_ where books0_.user_id=?
Hibernate: select book0_.id as id1_0_, book0_.current as current2_0_, book0_.due_date as due_date3_0_, book0_.genre as genre4_0_, book0_.origin as origin5_0_, book0_.title as title6_0_, book0_.user_id as user_id7_0_ from book book0_
Hibernate: delete from book where id=?
Hibernate: delete from book where id=?
Hibernate: delete from book where id=?
Hibernate: select user0_.id as id1_1_, user0_.admin as admin2_1_, user0_.birth as birth3_1_, user0_.email as email4_1_, user0_.name as name5_1_, user0_.pw as pw6_1_, user0_.tel as tel7_1_ from user user0_
Hibernate: select books0_.user_id as user_id7_0_0_, books0_.id as id1_0_0_, books0_.id as id1_0_1_, books0_.current as current2_0_1_, books0_.due_date as due_date3_0_1_, books0_.genre as genre4_0_1_, books0_.origin as origin5_0_1_, books0_.title as title6_0_1_, books0_.user_id as user_id7_0_1_ from book books0_ where books0_.user_id=?
Hibernate: delete from user where id=?
Hibernate: insert into user (admin, birth, email, name, pw, tel) values (?, ?, ?, ?, ?, ?)
Hibernate: select user0_.id as id1_1_0_, user0_.admin as admin2_1_0_, user0_.birth as birth3_1_0_, user0_.email as email4_1_0_, user0_.name as name5_1_0_, user0_.pw as pw6_1_0_, user0_.tel as tel7_1_0_ from user user0_ where user0_.id=?
Hibernate: select book0_.id as id1_0_, book0_.current as current2_0_, book0_.due_date as due_date3_0_, book0_.genre as genre4_0_, book0_.origin as origin5_0_, book0_.title as title6_0_, book0_.user_id as user_id7_0_ from book book0_
Hibernate: select user0_.id as id1_1_, user0_.admin as admin2_1_, user0_.birth as birth3_1_, user0_.email as email4_1_, user0_.name as name5_1_, user0_.pw as pw6_1_, user0_.tel as tel7_1_ from user user0_
Hibernate: select books0_.user_id as user_id7_0_0_, books0_.id as id1_0_0_, books0_.id as id1_0_1_, books0_.current as current2_0_1_, books0_.due_date as due_date3_0_1_, books0_.genre as genre4_0_1_, books0_.origin as origin5_0_1_, books0_.title as title6_0_1_, books0_.user_id as user_id7_0_1_ from book books0_ where books0_.user_id=?
Hibernate: delete from user where id=?
Hibernate: insert into user (admin, birth, email, name, pw, tel) values (?, ?, ?, ?, ?, ?)
Hibernate: select user0_.id as id1_1_, user0_.admin as admin2_1_, user0_.birth as birth3_1_, user0_.email as email4_1_, user0_.name as name5_1_, user0_.pw as pw6_1_, user0_.tel as tel7_1_ from user user0_ where user0_.email=?
Hibernate: select book0_.id as id1_0_, book0_.current as current2_0_, book0_.due_date as due_date3_0_, book0_.genre as genre4_0_, book0_.origin as origin5_0_, book0_.title as title6_0_, book0_.user_id as user_id7_0_ from book book0_
Hibernate: select user0_.id as id1_1_, user0_.admin as admin2_1_, user0_.birth as birth3_1_, user0_.email as email4_1_, user0_.name as name5_1_, user0_.pw as pw6_1_, user0_.tel as tel7_1_ from user user0_
Hibernate: select books0_.user_id as user_id7_0_0_, books0_.id as id1_0_0_, books0_.id as id1_0_1_, books0_.current as current2_0_1_, books0_.due_date as due_date3_0_1_, books0_.genre as genre4_0_1_, books0_.origin as origin5_0_1_, books0_.title as title6_0_1_, books0_.user_id as user_id7_0_1_ from book books0_ where books0_.user_id=?
Hibernate: delete from user where id=?
Hibernate: insert into user (admin, birth, email, name, pw, tel) values (?, ?, ?, ?, ?, ?)
Hibernate: select user0_.id as id1_1_, user0_.admin as admin2_1_, user0_.birth as birth3_1_, user0_.email as email4_1_, user0_.name as name5_1_, user0_.pw as pw6_1_, user0_.tel as tel7_1_ from user user0_ where user0_.email=?
Hibernate: select book0_.id as id1_0_, book0_.current as current2_0_, book0_.due_date as due_date3_0_, book0_.genre as genre4_0_, book0_.origin as origin5_0_, book0_.title as title6_0_, book0_.user_id as user_id7_0_ from book book0_
Hibernate: select user0_.id as id1_1_, user0_.admin as admin2_1_, user0_.birth as birth3_1_, user0_.email as email4_1_, user0_.name as name5_1_, user0_.pw as pw6_1_, user0_.tel as tel7_1_ from user user0_
Hibernate: select books0_.user_id as user_id7_0_0_, books0_.id as id1_0_0_, books0_.id as id1_0_1_, books0_.current as current2_0_1_, books0_.due_date as due_date3_0_1_, books0_.genre as genre4_0_1_, books0_.origin as origin5_0_1_, books0_.title as title6_0_1_, books0_.user_id as user_id7_0_1_ from book books0_ where books0_.user_id=?
Hibernate: delete from user where id=?
Hibernate: insert into user (admin, birth, email, name, pw, tel) values (?, ?, ?, ?, ?, ?)
Hibernate: select user0_.id as col_0_0_ from user user0_ where user0_.email=? limit ?
Hibernate: select book0_.id as id1_0_, book0_.current as current2_0_, book0_.due_date as due_date3_0_, book0_.genre as genre4_0_, book0_.origin as origin5_0_, book0_.title as title6_0_, book0_.user_id as user_id7_0_ from book book0_
Hibernate: select user0_.id as id1_1_, user0_.admin as admin2_1_, user0_.birth as birth3_1_, user0_.email as email4_1_, user0_.name as name5_1_, user0_.pw as pw6_1_, user0_.tel as tel7_1_ from user user0_
Hibernate: select books0_.user_id as user_id7_0_0_, books0_.id as id1_0_0_, books0_.id as id1_0_1_, books0_.current as current2_0_1_, books0_.due_date as due_date3_0_1_, books0_.genre as genre4_0_1_, books0_.origin as origin5_0_1_, books0_.title as title6_0_1_, books0_.user_id as user_id7_0_1_ from book books0_ where books0_.user_id=?
Hibernate: delete from user where id=?
Hibernate: select user0_.id as col_0_0_ from user user0_ where user0_.email=? limit ?
Hibernate: insert into user (admin, birth, email, name, pw, tel) values (?, ?, ?, ?, ?, ?)
Hibernate: select book0_.id as id1_0_, book0_.current as current2_0_, book0_.due_date as due_date3_0_, book0_.genre as genre4_0_, book0_.origin as origin5_0_, book0_.title as title6_0_, book0_.user_id as user_id7_0_ from book book0_
Hibernate: select user0_.id as id1_1_, user0_.admin as admin2_1_, user0_.birth as birth3_1_, user0_.email as email4_1_, user0_.name as name5_1_, user0_.pw as pw6_1_, user0_.tel as tel7_1_ from user user0_
Hibernate: select books0_.user_id as user_id7_0_0_, books0_.id as id1_0_0_, books0_.id as id1_0_1_, books0_.current as current2_0_1_, books0_.due_date as due_date3_0_1_, books0_.genre as genre4_0_1_, books0_.origin as origin5_0_1_, books0_.title as title6_0_1_, books0_.user_id as user_id7_0_1_ from book books0_ where books0_.user_id=?
Hibernate: delete from user where id=?
]]></system-out>
  <system-err><![CDATA[]]></system-err>
</testsuite>
