<?xml version="1.0" encoding="UTF-8"?>
<testsuite name="com.hwai.backend.service.book.BookServiceTest" tests="1" skipped="0" failures="0" errors="0" timestamp="2022-02-14T06:35:20" hostname="DESKTOP-0R6UP8A" time="0.036">
  <properties/>
  <testcase name="책_저장_성공" classname="com.hwai.backend.service.book.BookServiceTest" time="0.036"/>
  <system-out><![CDATA[2022-02-14 15:35:20.495  INFO 19724 --- [    Test worker] .b.t.c.SpringBootTestContextBootstrapper : Neither @ContextConfiguration nor @ContextHierarchy found for test class [com.hwai.backend.service.book.BookServiceTest], using SpringBootContextLoader
2022-02-14 15:35:20.497  INFO 19724 --- [    Test worker] o.s.t.c.support.AbstractContextLoader    : Could not detect default resource locations for test class [com.hwai.backend.service.book.BookServiceTest]: no resource found for suffixes {-context.xml, Context.groovy}.
2022-02-14 15:35:20.498  INFO 19724 --- [    Test worker] t.c.s.AnnotationConfigContextLoaderUtils : Could not detect default configuration classes for test class [com.hwai.backend.service.book.BookServiceTest]: BookServiceTest does not declare any static, non-private, non-final, nested classes annotated with @Configuration.
2022-02-14 15:35:20.505  INFO 19724 --- [    Test worker] .b.t.c.SpringBootTestContextBootstrapper : Found @SpringBootConfiguration com.hwai.backend.Application for test class com.hwai.backend.service.book.BookServiceTest
2022-02-14 15:35:20.507  INFO 19724 --- [    Test worker] .b.t.c.SpringBootTestContextBootstrapper : Loaded default TestExecutionListener class names from location [META-INF/spring.factories]: [org.springframework.security.test.context.support.WithSecurityContextTestExecutionListener, org.springframework.security.test.context.support.ReactorContextTestExecutionListener, org.springframework.boot.test.autoconfigure.restdocs.RestDocsTestExecutionListener, org.springframework.boot.test.autoconfigure.web.client.MockRestServiceServerResetTestExecutionListener, org.springframework.boot.test.autoconfigure.web.servlet.MockMvcPrintOnlyOnFailureTestExecutionListener, org.springframework.boot.test.autoconfigure.web.servlet.WebDriverTestExecutionListener, org.springframework.boot.test.mock.mockito.MockitoTestExecutionListener, org.springframework.boot.test.mock.mockito.ResetMocksTestExecutionListener, org.springframework.test.context.web.ServletTestExecutionListener, org.springframework.test.context.support.DirtiesContextBeforeModesTestExecutionListener, org.springframework.test.context.support.DependencyInjectionTestExecutionListener, org.springframework.test.context.support.DirtiesContextTestExecutionListener, org.springframework.test.context.transaction.TransactionalTestExecutionListener, org.springframework.test.context.jdbc.SqlScriptsTestExecutionListener]
2022-02-14 15:35:20.508  INFO 19724 --- [    Test worker] .b.t.c.SpringBootTestContextBootstrapper : Using TestExecutionListeners: [org.springframework.test.context.web.ServletTestExecutionListener@7aeb2ac0, org.springframework.test.context.support.DirtiesContextBeforeModesTestExecutionListener@730c3521, org.springframework.boot.test.mock.mockito.MockitoTestExecutionListener@1e2ccaf4, org.springframework.boot.test.autoconfigure.SpringBootDependencyInjectionTestExecutionListener@3cbb1b0f, org.springframework.test.context.support.DirtiesContextTestExecutionListener@1fa58b72, org.springframework.test.context.transaction.TransactionalTestExecutionListener@d92009a, org.springframework.test.context.jdbc.SqlScriptsTestExecutionListener@759110b6, org.springframework.security.test.context.support.WithSecurityContextTestExecutionListener@11161e68, org.springframework.security.test.context.support.ReactorContextTestExecutionListener@225be923, org.springframework.boot.test.autoconfigure.restdocs.RestDocsTestExecutionListener@3f50ab22, org.springframework.boot.test.autoconfigure.web.client.MockRestServiceServerResetTestExecutionListener@42b908de, org.springframework.boot.test.autoconfigure.web.servlet.MockMvcPrintOnlyOnFailureTestExecutionListener@637dbbbf, org.springframework.boot.test.autoconfigure.web.servlet.WebDriverTestExecutionListener@1e925402, org.springframework.boot.test.mock.mockito.ResetMocksTestExecutionListener@24a1f549]
Hibernate: insert into category (genre, shelf) values (?, ?)
Hibernate: insert into book (category_id, current, due_date, title, user_id) values (?, ?, ?, ?, ?)
Hibernate: select category0_.id as id1_1_0_, category0_.genre as genre2_1_0_, category0_.shelf as shelf3_1_0_ from category category0_ where category0_.id=?
Hibernate: insert into book (category_id, current, due_date, title, user_id) values (?, ?, ?, ?, ?)
]]></system-out>
  <system-err><![CDATA[]]></system-err>
</testsuite>
