<?xml version="1.0" encoding="UTF-8"?>
<testsuite name="com.hwai.backend.service.category.CategoryServiceTest" tests="1" skipped="0" failures="0" errors="0" timestamp="2022-02-14T08:18:36" hostname="DESKTOP-0R6UP8A" time="0.162">
  <properties/>
  <testcase name="카테고리_추가_실패" classname="com.hwai.backend.service.category.CategoryServiceTest" time="0.162"/>
  <system-out><![CDATA[2022-02-14 17:18:36.288  INFO 19840 --- [    Test worker] .b.t.c.SpringBootTestContextBootstrapper : Neither @ContextConfiguration nor @ContextHierarchy found for test class [com.hwai.backend.service.category.CategoryServiceTest], using SpringBootContextLoader
2022-02-14 17:18:36.288  INFO 19840 --- [    Test worker] o.s.t.c.support.AbstractContextLoader    : Could not detect default resource locations for test class [com.hwai.backend.service.category.CategoryServiceTest]: no resource found for suffixes {-context.xml, Context.groovy}.
2022-02-14 17:18:36.289  INFO 19840 --- [    Test worker] t.c.s.AnnotationConfigContextLoaderUtils : Could not detect default configuration classes for test class [com.hwai.backend.service.category.CategoryServiceTest]: CategoryServiceTest does not declare any static, non-private, non-final, nested classes annotated with @Configuration.
2022-02-14 17:18:36.293  INFO 19840 --- [    Test worker] .b.t.c.SpringBootTestContextBootstrapper : Found @SpringBootConfiguration com.hwai.backend.Application for test class com.hwai.backend.service.category.CategoryServiceTest
2022-02-14 17:18:36.294  INFO 19840 --- [    Test worker] .b.t.c.SpringBootTestContextBootstrapper : Loaded default TestExecutionListener class names from location [META-INF/spring.factories]: [org.springframework.security.test.context.support.WithSecurityContextTestExecutionListener, org.springframework.security.test.context.support.ReactorContextTestExecutionListener, org.springframework.boot.test.autoconfigure.restdocs.RestDocsTestExecutionListener, org.springframework.boot.test.autoconfigure.web.client.MockRestServiceServerResetTestExecutionListener, org.springframework.boot.test.autoconfigure.web.servlet.MockMvcPrintOnlyOnFailureTestExecutionListener, org.springframework.boot.test.autoconfigure.web.servlet.WebDriverTestExecutionListener, org.springframework.boot.test.mock.mockito.MockitoTestExecutionListener, org.springframework.boot.test.mock.mockito.ResetMocksTestExecutionListener, org.springframework.test.context.web.ServletTestExecutionListener, org.springframework.test.context.support.DirtiesContextBeforeModesTestExecutionListener, org.springframework.test.context.support.DependencyInjectionTestExecutionListener, org.springframework.test.context.support.DirtiesContextTestExecutionListener, org.springframework.test.context.transaction.TransactionalTestExecutionListener, org.springframework.test.context.jdbc.SqlScriptsTestExecutionListener]
2022-02-14 17:18:36.295  INFO 19840 --- [    Test worker] .b.t.c.SpringBootTestContextBootstrapper : Using TestExecutionListeners: [org.springframework.test.context.web.ServletTestExecutionListener@411a7554, org.springframework.test.context.support.DirtiesContextBeforeModesTestExecutionListener@5d6df6ab, org.springframework.boot.test.mock.mockito.MockitoTestExecutionListener@46ad8571, org.springframework.boot.test.autoconfigure.SpringBootDependencyInjectionTestExecutionListener@6f972a02, org.springframework.test.context.support.DirtiesContextTestExecutionListener@7db55271, org.springframework.test.context.transaction.TransactionalTestExecutionListener@4fdf2bc2, org.springframework.test.context.jdbc.SqlScriptsTestExecutionListener@6573b945, org.springframework.security.test.context.support.WithSecurityContextTestExecutionListener@33e258d3, org.springframework.security.test.context.support.ReactorContextTestExecutionListener@6413b204, org.springframework.boot.test.autoconfigure.restdocs.RestDocsTestExecutionListener@52a4047f, org.springframework.boot.test.autoconfigure.web.client.MockRestServiceServerResetTestExecutionListener@2a6526ff, org.springframework.boot.test.autoconfigure.web.servlet.MockMvcPrintOnlyOnFailureTestExecutionListener@be0c7a0, org.springframework.boot.test.autoconfigure.web.servlet.WebDriverTestExecutionListener@729ac74a, org.springframework.boot.test.mock.mockito.ResetMocksTestExecutionListener@6fb29a]
Hibernate: insert into category (genre, shelf) values (?, ?)
2022-02-14 17:18:36.321  INFO 19840 --- [    Test worker] o.h.h.i.QueryTranslatorFactoryInitiator  : HHH000397: Using ASTQueryTranslatorFactory
Hibernate: select category0_.id as col_0_0_ from category category0_ where category0_.genre=? limit ?
]]></system-out>
  <system-err><![CDATA[]]></system-err>
</testsuite>
