<?xml version="1.0" encoding="UTF-8"?>
<testsuite name="com.hwai.backend.service.user.UserServiceTest" tests="8" skipped="0" failures="0" errors="0" timestamp="2022-02-14T07:36:19" hostname="DESKTOP-0R6UP8A" time="0.103">
  <properties/>
  <testcase name="회원탈퇴_성공" classname="com.hwai.backend.service.user.UserServiceTest" time="0.022"/>
  <testcase name="로그인_성공" classname="com.hwai.backend.service.user.UserServiceTest" time="0.048"/>
  <testcase name="비밀번호_변경_성공" classname="com.hwai.backend.service.user.UserServiceTest" time="0.003"/>
  <testcase name="페이지_불러오기" classname="com.hwai.backend.service.user.UserServiceTest" time="0.004"/>
  <testcase name="로그인_비밀번호_불일치" classname="com.hwai.backend.service.user.UserServiceTest" time="0.007"/>
  <testcase name="로그인_이메일_불일치" classname="com.hwai.backend.service.user.UserServiceTest" time="0.006"/>
  <testcase name="회원중복" classname="com.hwai.backend.service.user.UserServiceTest" time="0.005"/>
  <testcase name="회원가입_성공" classname="com.hwai.backend.service.user.UserServiceTest" time="0.005"/>
  <system-out><![CDATA[2022-02-14 16:36:17.523  INFO 16632 --- [    Test worker] .b.t.c.SpringBootTestContextBootstrapper : Neither @ContextConfiguration nor @ContextHierarchy found for test class [com.hwai.backend.service.user.UserServiceTest], using SpringBootContextLoader
2022-02-14 16:36:17.524  INFO 16632 --- [    Test worker] o.s.t.c.support.AbstractContextLoader    : Could not detect default resource locations for test class [com.hwai.backend.service.user.UserServiceTest]: no resource found for suffixes {-context.xml, Context.groovy}.
2022-02-14 16:36:17.526  INFO 16632 --- [    Test worker] t.c.s.AnnotationConfigContextLoaderUtils : Could not detect default configuration classes for test class [com.hwai.backend.service.user.UserServiceTest]: UserServiceTest does not declare any static, non-private, non-final, nested classes annotated with @Configuration.
2022-02-14 16:36:17.533  INFO 16632 --- [    Test worker] .b.t.c.SpringBootTestContextBootstrapper : Found @SpringBootConfiguration com.hwai.backend.Application for test class com.hwai.backend.service.user.UserServiceTest
2022-02-14 16:36:17.535  INFO 16632 --- [    Test worker] .b.t.c.SpringBootTestContextBootstrapper : Loaded default TestExecutionListener class names from location [META-INF/spring.factories]: [org.springframework.security.test.context.support.WithSecurityContextTestExecutionListener, org.springframework.security.test.context.support.ReactorContextTestExecutionListener, org.springframework.boot.test.autoconfigure.restdocs.RestDocsTestExecutionListener, org.springframework.boot.test.autoconfigure.web.client.MockRestServiceServerResetTestExecutionListener, org.springframework.boot.test.autoconfigure.web.servlet.MockMvcPrintOnlyOnFailureTestExecutionListener, org.springframework.boot.test.autoconfigure.web.servlet.WebDriverTestExecutionListener, org.springframework.boot.test.mock.mockito.MockitoTestExecutionListener, org.springframework.boot.test.mock.mockito.ResetMocksTestExecutionListener, org.springframework.test.context.web.ServletTestExecutionListener, org.springframework.test.context.support.DirtiesContextBeforeModesTestExecutionListener, org.springframework.test.context.support.DependencyInjectionTestExecutionListener, org.springframework.test.context.support.DirtiesContextTestExecutionListener, org.springframework.test.context.transaction.TransactionalTestExecutionListener, org.springframework.test.context.jdbc.SqlScriptsTestExecutionListener]
2022-02-14 16:36:17.536  INFO 16632 --- [    Test worker] .b.t.c.SpringBootTestContextBootstrapper : Using TestExecutionListeners: [org.springframework.test.context.web.ServletTestExecutionListener@244d8722, org.springframework.test.context.support.DirtiesContextBeforeModesTestExecutionListener@30355b55, org.springframework.boot.test.mock.mockito.MockitoTestExecutionListener@3d96b969, org.springframework.boot.test.autoconfigure.SpringBootDependencyInjectionTestExecutionListener@3bfaac48, org.springframework.test.context.support.DirtiesContextTestExecutionListener@73c64882, org.springframework.test.context.transaction.TransactionalTestExecutionListener@69b35a5c, org.springframework.test.context.jdbc.SqlScriptsTestExecutionListener@61e6ebf2, org.springframework.security.test.context.support.WithSecurityContextTestExecutionListener@f90836a, org.springframework.security.test.context.support.ReactorContextTestExecutionListener@4e535842, org.springframework.boot.test.autoconfigure.restdocs.RestDocsTestExecutionListener@3d418a6e, org.springframework.boot.test.autoconfigure.web.client.MockRestServiceServerResetTestExecutionListener@6b2e4f4f, org.springframework.boot.test.autoconfigure.web.servlet.MockMvcPrintOnlyOnFailureTestExecutionListener@602e0a93, org.springframework.boot.test.autoconfigure.web.servlet.WebDriverTestExecutionListener@346bdf9c, org.springframework.boot.test.mock.mockito.ResetMocksTestExecutionListener@5482185]

  .   ____          _            __ _ _
 /\\ / ___'_ __ _ _(_)_ __  __ _ \ \ \ \
( ( )\___ | '_ | '_| | '_ \/ _` | \ \ \ \
 \\/  ___)| |_)| | | | | || (_| |  ) ) ) )
  '  |____| .__|_| |_|_| |_\__, | / / / /
 =========|_|==============|___/=/_/_/_/
 :: Spring Boot ::        (v2.1.7.RELEASE)

2022-02-14 16:36:17.580  INFO 16632 --- [    Test worker] c.h.b.service.user.UserServiceTest       : Starting UserServiceTest on DESKTOP-0R6UP8A with PID 16632 (started by Lee in D:\Users\Lee\Documents\git\Java\project\capstondesign-hwai-be)
2022-02-14 16:36:17.581  INFO 16632 --- [    Test worker] c.h.b.service.user.UserServiceTest       : No active profile set, falling back to default profiles: default
2022-02-14 16:36:18.078  INFO 16632 --- [    Test worker] .s.d.r.c.RepositoryConfigurationDelegate : Bootstrapping Spring Data repositories in DEFAULT mode.
2022-02-14 16:36:18.128  INFO 16632 --- [    Test worker] .s.d.r.c.RepositoryConfigurationDelegate : Finished Spring Data repository scanning in 49ms. Found 3 repository interfaces.
2022-02-14 16:36:18.468  INFO 16632 --- [    Test worker] trationDelegate$BeanPostProcessorChecker : Bean 'org.springframework.transaction.annotation.ProxyTransactionManagementConfiguration' of type [org.springframework.transaction.annotation.ProxyTransactionManagementConfiguration$$EnhancerBySpringCGLIB$$9d7a7d50] is not eligible for getting processed by all BeanPostProcessors (for example: not eligible for auto-proxying)
2022-02-14 16:36:18.865  INFO 16632 --- [    Test worker] com.zaxxer.hikari.HikariDataSource       : HikariPool-2 - Starting...
2022-02-14 16:36:18.868  INFO 16632 --- [    Test worker] com.zaxxer.hikari.HikariDataSource       : HikariPool-2 - Start completed.
2022-02-14 16:36:18.894  INFO 16632 --- [    Test worker] o.hibernate.jpa.internal.util.LogHelper  : HHH000204: Processing PersistenceUnitInfo [
	name: default
	...]
2022-02-14 16:36:18.915  INFO 16632 --- [    Test worker] org.hibernate.dialect.Dialect            : HHH000400: Using dialect: org.hibernate.dialect.MySQL57Dialect
2022-02-14 16:36:19.017  INFO 16632 --- [    Test worker] j.LocalContainerEntityManagerFactoryBean : Initialized JPA EntityManagerFactory for persistence unit 'default'
2022-02-14 16:36:19.424  INFO 16632 --- [    Test worker] o.s.s.concurrent.ThreadPoolTaskExecutor  : Initializing ExecutorService 'applicationTaskExecutor'
2022-02-14 16:36:19.434  WARN 16632 --- [    Test worker] aWebConfiguration$JpaWebMvcConfiguration : spring.jpa.open-in-view is enabled by default. Therefore, database queries may be performed during view rendering. Explicitly configure spring.jpa.open-in-view to disable this warning
2022-02-14 16:36:19.718  INFO 16632 --- [    Test worker] c.h.b.service.user.UserServiceTest       : Started UserServiceTest in 2.177 seconds (JVM running for 9.634)
Hibernate: insert into user (admin, birth, email, name, pw, tel) values (?, ?, ?, ?, ?, ?)
Hibernate: select user0_.id as id1_2_0_, user0_.admin as admin2_2_0_, user0_.birth as birth3_2_0_, user0_.email as email4_2_0_, user0_.name as name5_2_0_, user0_.pw as pw6_2_0_, user0_.tel as tel7_2_0_ from user user0_ where user0_.id=?
Hibernate: delete from user where id=?
2022-02-14 16:36:19.757  INFO 16632 --- [    Test worker] o.h.h.i.QueryTranslatorFactoryInitiator  : HHH000397: Using ASTQueryTranslatorFactory
Hibernate: select user0_.id as col_0_0_ from user user0_ where user0_.email=? limit ?
Hibernate: insert into user (admin, birth, email, name, pw, tel) values (?, ?, ?, ?, ?, ?)
Hibernate: select user0_.id as id1_2_, user0_.admin as admin2_2_, user0_.birth as birth3_2_, user0_.email as email4_2_, user0_.name as name5_2_, user0_.pw as pw6_2_, user0_.tel as tel7_2_ from user user0_ where user0_.email=?
Hibernate: select user0_.id as id1_2_, user0_.admin as admin2_2_, user0_.birth as birth3_2_, user0_.email as email4_2_, user0_.name as name5_2_, user0_.pw as pw6_2_, user0_.tel as tel7_2_ from user user0_ where user0_.email=?
Hibernate: insert into user (admin, birth, email, name, pw, tel) values (?, ?, ?, ?, ?, ?)
Hibernate: select user0_.id as id1_2_0_, user0_.admin as admin2_2_0_, user0_.birth as birth3_2_0_, user0_.email as email4_2_0_, user0_.name as name5_2_0_, user0_.pw as pw6_2_0_, user0_.tel as tel7_2_0_ from user user0_ where user0_.id=?
Hibernate: insert into user (admin, birth, email, name, pw, tel) values (?, ?, ?, ?, ?, ?)
Hibernate: select user0_.id as id1_2_, user0_.admin as admin2_2_, user0_.birth as birth3_2_, user0_.email as email4_2_, user0_.name as name5_2_, user0_.pw as pw6_2_, user0_.tel as tel7_2_ from user user0_ where user0_.email=?
Hibernate: insert into user (admin, birth, email, name, pw, tel) values (?, ?, ?, ?, ?, ?)
Hibernate: select user0_.id as id1_2_, user0_.admin as admin2_2_, user0_.birth as birth3_2_, user0_.email as email4_2_, user0_.name as name5_2_, user0_.pw as pw6_2_, user0_.tel as tel7_2_ from user user0_ where user0_.email=?
Hibernate: insert into user (admin, birth, email, name, pw, tel) values (?, ?, ?, ?, ?, ?)
Hibernate: select user0_.id as col_0_0_ from user user0_ where user0_.email=? limit ?
Hibernate: select user0_.id as col_0_0_ from user user0_ where user0_.email=? limit ?
Hibernate: insert into user (admin, birth, email, name, pw, tel) values (?, ?, ?, ?, ?, ?)
]]></system-out>
  <system-err><![CDATA[]]></system-err>
</testsuite>
