<?xml version="1.0" encoding="UTF-8"?>
<testsuite name="com.hwai.backend.service.book.BookServiceTest" tests="3" skipped="0" failures="0" errors="0" timestamp="2022-02-14T07:17:12" hostname="DESKTOP-0R6UP8A" time="0.084">
  <properties/>
  <testcase name="책_대출_성공" classname="com.hwai.backend.service.book.BookServiceTest" time="0.055"/>
  <testcase name="책_대출_실패" classname="com.hwai.backend.service.book.BookServiceTest" time="0.014"/>
  <testcase name="책_저장_성공" classname="com.hwai.backend.service.book.BookServiceTest" time="0.013"/>
  <system-out><![CDATA[2022-02-14 16:17:12.057  INFO 21064 --- [    Test worker] .b.t.c.SpringBootTestContextBootstrapper : Neither @ContextConfiguration nor @ContextHierarchy found for test class [com.hwai.backend.service.book.BookServiceTest], using SpringBootContextLoader
2022-02-14 16:17:12.058  INFO 21064 --- [    Test worker] o.s.t.c.support.AbstractContextLoader    : Could not detect default resource locations for test class [com.hwai.backend.service.book.BookServiceTest]: no resource found for suffixes {-context.xml, Context.groovy}.
2022-02-14 16:17:12.059  INFO 21064 --- [    Test worker] t.c.s.AnnotationConfigContextLoaderUtils : Could not detect default configuration classes for test class [com.hwai.backend.service.book.BookServiceTest]: BookServiceTest does not declare any static, non-private, non-final, nested classes annotated with @Configuration.
2022-02-14 16:17:12.066  INFO 21064 --- [    Test worker] .b.t.c.SpringBootTestContextBootstrapper : Found @SpringBootConfiguration com.hwai.backend.Application for test class com.hwai.backend.service.book.BookServiceTest
2022-02-14 16:17:12.068  INFO 21064 --- [    Test worker] .b.t.c.SpringBootTestContextBootstrapper : Loaded default TestExecutionListener class names from location [META-INF/spring.factories]: [org.springframework.security.test.context.support.WithSecurityContextTestExecutionListener, org.springframework.security.test.context.support.ReactorContextTestExecutionListener, org.springframework.boot.test.autoconfigure.restdocs.RestDocsTestExecutionListener, org.springframework.boot.test.autoconfigure.web.client.MockRestServiceServerResetTestExecutionListener, org.springframework.boot.test.autoconfigure.web.servlet.MockMvcPrintOnlyOnFailureTestExecutionListener, org.springframework.boot.test.autoconfigure.web.servlet.WebDriverTestExecutionListener, org.springframework.boot.test.mock.mockito.MockitoTestExecutionListener, org.springframework.boot.test.mock.mockito.ResetMocksTestExecutionListener, org.springframework.test.context.web.ServletTestExecutionListener, org.springframework.test.context.support.DirtiesContextBeforeModesTestExecutionListener, org.springframework.test.context.support.DependencyInjectionTestExecutionListener, org.springframework.test.context.support.DirtiesContextTestExecutionListener, org.springframework.test.context.transaction.TransactionalTestExecutionListener, org.springframework.test.context.jdbc.SqlScriptsTestExecutionListener]
2022-02-14 16:17:12.069  INFO 21064 --- [    Test worker] .b.t.c.SpringBootTestContextBootstrapper : Using TestExecutionListeners: [org.springframework.test.context.web.ServletTestExecutionListener@1d9fd2c0, org.springframework.test.context.support.DirtiesContextBeforeModesTestExecutionListener@2e7ca5cd, org.springframework.boot.test.mock.mockito.MockitoTestExecutionListener@2d8ba1d5, org.springframework.boot.test.autoconfigure.SpringBootDependencyInjectionTestExecutionListener@4457fd7d, org.springframework.test.context.support.DirtiesContextTestExecutionListener@273d2ee5, org.springframework.test.context.transaction.TransactionalTestExecutionListener@6ca4b502, org.springframework.test.context.jdbc.SqlScriptsTestExecutionListener@1cd1244a, org.springframework.security.test.context.support.WithSecurityContextTestExecutionListener@67968eb8, org.springframework.security.test.context.support.ReactorContextTestExecutionListener@2912dea9, org.springframework.boot.test.autoconfigure.restdocs.RestDocsTestExecutionListener@60d7722c, org.springframework.boot.test.autoconfigure.web.client.MockRestServiceServerResetTestExecutionListener@75b1e908, org.springframework.boot.test.autoconfigure.web.servlet.MockMvcPrintOnlyOnFailureTestExecutionListener@26014a48, org.springframework.boot.test.autoconfigure.web.servlet.WebDriverTestExecutionListener@19593fb7, org.springframework.boot.test.mock.mockito.ResetMocksTestExecutionListener@424478a2]
Hibernate: insert into user (admin, birth, email, name, pw, tel) values (?, ?, ?, ?, ?, ?)
Hibernate: insert into category (genre, shelf) values (?, ?)
Hibernate: insert into book (category_id, current, due_date, title, user_id) values (?, ?, ?, ?, ?)
Hibernate: insert into book (category_id, current, due_date, title, user_id) values (?, ?, ?, ?, ?)
Hibernate: select user0_.id as id1_2_0_, user0_.admin as admin2_2_0_, user0_.birth as birth3_2_0_, user0_.email as email4_2_0_, user0_.name as name5_2_0_, user0_.pw as pw6_2_0_, user0_.tel as tel7_2_0_ from user user0_ where user0_.id=?
Hibernate: select book0_.id as id1_0_0_, book0_.category_id as category5_0_0_, book0_.current as current2_0_0_, book0_.due_date as due_date3_0_0_, book0_.title as title4_0_0_, book0_.user_id as user_id6_0_0_ from book book0_ where book0_.id=?
Hibernate: select book0_.id as id1_0_0_, book0_.category_id as category5_0_0_, book0_.current as current2_0_0_, book0_.due_date as due_date3_0_0_, book0_.title as title4_0_0_, book0_.user_id as user_id6_0_0_ from book book0_ where book0_.id=?
Hibernate: update book set category_id=?, current=?, due_date=?, title=?, user_id=? where id=?
Hibernate: update book set category_id=?, current=?, due_date=?, title=?, user_id=? where id=?
Hibernate: insert into user (admin, birth, email, name, pw, tel) values (?, ?, ?, ?, ?, ?)
Hibernate: select user0_.id as id1_2_0_, user0_.admin as admin2_2_0_, user0_.birth as birth3_2_0_, user0_.email as email4_2_0_, user0_.name as name5_2_0_, user0_.pw as pw6_2_0_, user0_.tel as tel7_2_0_ from user user0_ where user0_.id=?
Hibernate: select book0_.id as id1_0_0_, book0_.category_id as category5_0_0_, book0_.current as current2_0_0_, book0_.due_date as due_date3_0_0_, book0_.title as title4_0_0_, book0_.user_id as user_id6_0_0_ from book book0_ where book0_.id=?
Hibernate: insert into category (genre, shelf) values (?, ?)
Hibernate: insert into book (category_id, current, due_date, title, user_id) values (?, ?, ?, ?, ?)
Hibernate: select category0_.id as id1_1_0_, category0_.genre as genre2_1_0_, category0_.shelf as shelf3_1_0_ from category category0_ where category0_.id=?
Hibernate: insert into book (category_id, current, due_date, title, user_id) values (?, ?, ?, ?, ?)
]]></system-out>
  <system-err><![CDATA[]]></system-err>
</testsuite>
