<?xml version="1.0" encoding="UTF-8"?>
<testsuite name="com.hwai.backend.service.category.CategoryServiceTest" tests="1" skipped="0" failures="0" errors="0" timestamp="2022-02-14T06:35:20" hostname="DESKTOP-0R6UP8A" time="0.388">
  <properties/>
  <testcase name="카테고리_추가" classname="com.hwai.backend.service.category.CategoryServiceTest" time="0.388"/>
  <system-out><![CDATA[15:35:14.292 [Test worker] DEBUG org.springframework.test.context.junit4.SpringJUnit4ClassRunner - SpringJUnit4ClassRunner constructor called with [class com.hwai.backend.service.category.CategoryServiceTest]
15:35:14.300 [Test worker] DEBUG org.springframework.test.context.BootstrapUtils - Instantiating CacheAwareContextLoaderDelegate from class [org.springframework.test.context.cache.DefaultCacheAwareContextLoaderDelegate]
15:35:14.309 [Test worker] DEBUG org.springframework.test.context.BootstrapUtils - Instantiating BootstrapContext using constructor [public org.springframework.test.context.support.DefaultBootstrapContext(java.lang.Class,org.springframework.test.context.CacheAwareContextLoaderDelegate)]
15:35:14.328 [Test worker] DEBUG org.springframework.test.context.BootstrapUtils - Instantiating TestContextBootstrapper for test class [com.hwai.backend.service.category.CategoryServiceTest] from class [org.springframework.boot.test.context.SpringBootTestContextBootstrapper]
15:35:14.344 [Test worker] INFO org.springframework.boot.test.context.SpringBootTestContextBootstrapper - Neither @ContextConfiguration nor @ContextHierarchy found for test class [com.hwai.backend.service.category.CategoryServiceTest], using SpringBootContextLoader
15:35:14.348 [Test worker] DEBUG org.springframework.test.context.support.AbstractContextLoader - Did not detect default resource location for test class [com.hwai.backend.service.category.CategoryServiceTest]: class path resource [com/hwai/backend/service/category/CategoryServiceTest-context.xml] does not exist
15:35:14.349 [Test worker] DEBUG org.springframework.test.context.support.AbstractContextLoader - Did not detect default resource location for test class [com.hwai.backend.service.category.CategoryServiceTest]: class path resource [com/hwai/backend/service/category/CategoryServiceTestContext.groovy] does not exist
15:35:14.349 [Test worker] INFO org.springframework.test.context.support.AbstractContextLoader - Could not detect default resource locations for test class [com.hwai.backend.service.category.CategoryServiceTest]: no resource found for suffixes {-context.xml, Context.groovy}.
15:35:14.350 [Test worker] INFO org.springframework.test.context.support.AnnotationConfigContextLoaderUtils - Could not detect default configuration classes for test class [com.hwai.backend.service.category.CategoryServiceTest]: CategoryServiceTest does not declare any static, non-private, non-final, nested classes annotated with @Configuration.
15:35:14.409 [Test worker] DEBUG org.springframework.test.context.support.ActiveProfilesUtils - Could not find an 'annotation declaring class' for annotation type [org.springframework.test.context.ActiveProfiles] and class [com.hwai.backend.service.category.CategoryServiceTest]
15:35:14.479 [Test worker] DEBUG org.springframework.context.annotation.ClassPathScanningCandidateComponentProvider - Identified candidate component class: file [D:\Users\Lee\Documents\git\Java\project\capstondesign-hwai-be\build\classes\java\main\com\hwai\backend\Application.class]
15:35:14.486 [Test worker] INFO org.springframework.boot.test.context.SpringBootTestContextBootstrapper - Found @SpringBootConfiguration com.hwai.backend.Application for test class com.hwai.backend.service.category.CategoryServiceTest
15:35:14.585 [Test worker] DEBUG org.springframework.boot.test.context.SpringBootTestContextBootstrapper - @TestExecutionListeners is not present for class [com.hwai.backend.service.category.CategoryServiceTest]: using defaults.
15:35:14.586 [Test worker] INFO org.springframework.boot.test.context.SpringBootTestContextBootstrapper - Loaded default TestExecutionListener class names from location [META-INF/spring.factories]: [org.springframework.security.test.context.support.WithSecurityContextTestExecutionListener, org.springframework.security.test.context.support.ReactorContextTestExecutionListener, org.springframework.boot.test.autoconfigure.restdocs.RestDocsTestExecutionListener, org.springframework.boot.test.autoconfigure.web.client.MockRestServiceServerResetTestExecutionListener, org.springframework.boot.test.autoconfigure.web.servlet.MockMvcPrintOnlyOnFailureTestExecutionListener, org.springframework.boot.test.autoconfigure.web.servlet.WebDriverTestExecutionListener, org.springframework.boot.test.mock.mockito.MockitoTestExecutionListener, org.springframework.boot.test.mock.mockito.ResetMocksTestExecutionListener, org.springframework.test.context.web.ServletTestExecutionListener, org.springframework.test.context.support.DirtiesContextBeforeModesTestExecutionListener, org.springframework.test.context.support.DependencyInjectionTestExecutionListener, org.springframework.test.context.support.DirtiesContextTestExecutionListener, org.springframework.test.context.transaction.TransactionalTestExecutionListener, org.springframework.test.context.jdbc.SqlScriptsTestExecutionListener]
15:35:14.614 [Test worker] INFO org.springframework.boot.test.context.SpringBootTestContextBootstrapper - Using TestExecutionListeners: [org.springframework.test.context.web.ServletTestExecutionListener@24409e41, org.springframework.test.context.support.DirtiesContextBeforeModesTestExecutionListener@36290b40, org.springframework.boot.test.mock.mockito.MockitoTestExecutionListener@74fa6e7b, org.springframework.boot.test.autoconfigure.SpringBootDependencyInjectionTestExecutionListener@26b7f684, org.springframework.test.context.support.DirtiesContextTestExecutionListener@6a5d685, org.springframework.test.context.transaction.TransactionalTestExecutionListener@78a8be1a, org.springframework.test.context.jdbc.SqlScriptsTestExecutionListener@5f869ec2, org.springframework.security.test.context.support.WithSecurityContextTestExecutionListener@461c4060, org.springframework.security.test.context.support.ReactorContextTestExecutionListener@6ea5b7d8, org.springframework.boot.test.autoconfigure.restdocs.RestDocsTestExecutionListener@53408c78, org.springframework.boot.test.autoconfigure.web.client.MockRestServiceServerResetTestExecutionListener@385b685c, org.springframework.boot.test.autoconfigure.web.servlet.MockMvcPrintOnlyOnFailureTestExecutionListener@1c602077, org.springframework.boot.test.autoconfigure.web.servlet.WebDriverTestExecutionListener@5f385f54, org.springframework.boot.test.mock.mockito.ResetMocksTestExecutionListener@8cc2b87]
15:35:14.617 [Test worker] DEBUG org.springframework.test.annotation.ProfileValueUtils - Retrieved @ProfileValueSourceConfiguration [null] for test class [com.hwai.backend.service.category.CategoryServiceTest]
15:35:14.618 [Test worker] DEBUG org.springframework.test.annotation.ProfileValueUtils - Retrieved ProfileValueSource type [class org.springframework.test.annotation.SystemProfileValueSource] for class [com.hwai.backend.service.category.CategoryServiceTest]
15:35:14.619 [Test worker] DEBUG org.springframework.test.annotation.ProfileValueUtils - Retrieved @ProfileValueSourceConfiguration [null] for test class [com.hwai.backend.service.category.CategoryServiceTest]
15:35:14.619 [Test worker] DEBUG org.springframework.test.annotation.ProfileValueUtils - Retrieved ProfileValueSource type [class org.springframework.test.annotation.SystemProfileValueSource] for class [com.hwai.backend.service.category.CategoryServiceTest]
15:35:14.624 [Test worker] DEBUG org.springframework.test.context.support.AbstractDirtiesContextTestExecutionListener - Before test class: context [DefaultTestContext@786c3451 testClass = CategoryServiceTest, testInstance = [null], testMethod = [null], testException = [null], mergedContextConfiguration = [WebMergedContextConfiguration@5ed20d0e testClass = CategoryServiceTest, locations = '{}', classes = '{class com.hwai.backend.Application}', contextInitializerClasses = '[]', activeProfiles = '{}', propertySourceLocations = '{}', propertySourceProperties = '{org.springframework.boot.test.context.SpringBootTestContextBootstrapper=true, server.port=0}', contextCustomizers = set[org.springframework.boot.test.autoconfigure.properties.PropertyMappingContextCustomizer@0, org.springframework.boot.test.autoconfigure.web.servlet.WebDriverContextCustomizerFactory$Customizer@308c2f8d, org.springframework.boot.test.context.filter.ExcludeFilterContextCustomizer@1bbc38a1, org.springframework.boot.test.json.DuplicateJsonObjectContextCustomizerFactory$DuplicateJsonObjectContextCustomizer@8a27c84, org.springframework.boot.test.mock.mockito.MockitoContextCustomizer@0, org.springframework.boot.test.web.client.TestRestTemplateContextCustomizer@2818248f], resourceBasePath = 'src/main/webapp', contextLoader = 'org.springframework.boot.test.context.SpringBootContextLoader', parent = [null]], attributes = map['org.springframework.test.context.web.ServletTestExecutionListener.activateListener' -> false]], class annotated with @DirtiesContext [false] with mode [null].
15:35:14.625 [Test worker] DEBUG org.springframework.test.annotation.ProfileValueUtils - Retrieved @ProfileValueSourceConfiguration [null] for test class [com.hwai.backend.service.category.CategoryServiceTest]
15:35:14.625 [Test worker] DEBUG org.springframework.test.annotation.ProfileValueUtils - Retrieved ProfileValueSource type [class org.springframework.test.annotation.SystemProfileValueSource] for class [com.hwai.backend.service.category.CategoryServiceTest]
15:35:14.629 [Test worker] DEBUG org.springframework.test.context.support.DependencyInjectionTestExecutionListener - Performing dependency injection for test context [[DefaultTestContext@786c3451 testClass = CategoryServiceTest, testInstance = com.hwai.backend.service.category.CategoryServiceTest@2ef830a1, testMethod = [null], testException = [null], mergedContextConfiguration = [WebMergedContextConfiguration@5ed20d0e testClass = CategoryServiceTest, locations = '{}', classes = '{class com.hwai.backend.Application}', contextInitializerClasses = '[]', activeProfiles = '{}', propertySourceLocations = '{}', propertySourceProperties = '{org.springframework.boot.test.context.SpringBootTestContextBootstrapper=true, server.port=0}', contextCustomizers = set[org.springframework.boot.test.autoconfigure.properties.PropertyMappingContextCustomizer@0, org.springframework.boot.test.autoconfigure.web.servlet.WebDriverContextCustomizerFactory$Customizer@308c2f8d, org.springframework.boot.test.context.filter.ExcludeFilterContextCustomizer@1bbc38a1, org.springframework.boot.test.json.DuplicateJsonObjectContextCustomizerFactory$DuplicateJsonObjectContextCustomizer@8a27c84, org.springframework.boot.test.mock.mockito.MockitoContextCustomizer@0, org.springframework.boot.test.web.client.TestRestTemplateContextCustomizer@2818248f], resourceBasePath = 'src/main/webapp', contextLoader = 'org.springframework.boot.test.context.SpringBootContextLoader', parent = [null]], attributes = map['org.springframework.test.context.web.ServletTestExecutionListener.activateListener' -> false]]].
15:35:14.646 [Test worker] DEBUG org.springframework.test.context.support.TestPropertySourceUtils - Adding inlined properties to environment: {spring.jmx.enabled=false, org.springframework.boot.test.context.SpringBootTestContextBootstrapper=true, server.port=0}

  .   ____          _            __ _ _
 /\\ / ___'_ __ _ _(_)_ __  __ _ \ \ \ \
( ( )\___ | '_ | '_| | '_ \/ _` | \ \ \ \
 \\/  ___)| |_)| | | | | || (_| |  ) ) ) )
  '  |____| .__|_| |_|_| |_\__, | / / / /
 =========|_|==============|___/=/_/_/_/
 :: Spring Boot ::        (v2.1.7.RELEASE)

2022-02-14 15:35:14.919  INFO 19724 --- [    Test worker] c.h.b.s.category.CategoryServiceTest     : Starting CategoryServiceTest on DESKTOP-0R6UP8A with PID 19724 (started by Lee in D:\Users\Lee\Documents\git\Java\project\capstondesign-hwai-be)
2022-02-14 15:35:14.921  INFO 19724 --- [    Test worker] c.h.b.s.category.CategoryServiceTest     : No active profile set, falling back to default profiles: default
2022-02-14 15:35:15.675  INFO 19724 --- [    Test worker] .s.d.r.c.RepositoryConfigurationDelegate : Bootstrapping Spring Data repositories in DEFAULT mode.
2022-02-14 15:35:15.762  INFO 19724 --- [    Test worker] .s.d.r.c.RepositoryConfigurationDelegate : Finished Spring Data repository scanning in 77ms. Found 3 repository interfaces.
2022-02-14 15:35:16.126  INFO 19724 --- [    Test worker] trationDelegate$BeanPostProcessorChecker : Bean 'org.springframework.transaction.annotation.ProxyTransactionManagementConfiguration' of type [org.springframework.transaction.annotation.ProxyTransactionManagementConfiguration$$EnhancerBySpringCGLIB$$44aef0c3] is not eligible for getting processed by all BeanPostProcessors (for example: not eligible for auto-proxying)
2022-02-14 15:35:16.535  INFO 19724 --- [    Test worker] o.s.b.w.embedded.tomcat.TomcatWebServer  : Tomcat initialized with port(s): 0 (http)
2022-02-14 15:35:16.563  INFO 19724 --- [    Test worker] o.apache.catalina.core.StandardService   : Starting service [Tomcat]
2022-02-14 15:35:16.564  INFO 19724 --- [    Test worker] org.apache.catalina.core.StandardEngine  : Starting Servlet engine: [Apache Tomcat/9.0.22]
2022-02-14 15:35:16.726  INFO 19724 --- [    Test worker] o.a.c.c.C.[Tomcat].[localhost].[/]       : Initializing Spring embedded WebApplicationContext
2022-02-14 15:35:16.726  INFO 19724 --- [    Test worker] o.s.web.context.ContextLoader            : Root WebApplicationContext: initialization completed in 1788 ms
2022-02-14 15:35:16.985  INFO 19724 --- [    Test worker] com.zaxxer.hikari.HikariDataSource       : HikariPool-1 - Starting...
2022-02-14 15:35:17.147  INFO 19724 --- [    Test worker] com.zaxxer.hikari.HikariDataSource       : HikariPool-1 - Start completed.
2022-02-14 15:35:17.235  INFO 19724 --- [    Test worker] o.hibernate.jpa.internal.util.LogHelper  : HHH000204: Processing PersistenceUnitInfo [
	name: default
	...]
2022-02-14 15:35:17.341  INFO 19724 --- [    Test worker] org.hibernate.Version                    : HHH000412: Hibernate Core {5.3.10.Final}
2022-02-14 15:35:17.343  INFO 19724 --- [    Test worker] org.hibernate.cfg.Environment            : HHH000206: hibernate.properties not found
2022-02-14 15:35:17.552  INFO 19724 --- [    Test worker] o.hibernate.annotations.common.Version   : HCANN000001: Hibernate Commons Annotations {5.0.4.Final}
2022-02-14 15:35:17.734  INFO 19724 --- [    Test worker] org.hibernate.dialect.Dialect            : HHH000400: Using dialect: org.hibernate.dialect.MySQL57Dialect
Hibernate: create table book (id bigint not null auto_increment, current varchar(255), due_date date, title varchar(255) not null, category_id bigint, user_id bigint, primary key (id)) engine=InnoDB
Hibernate: create table category (id bigint not null auto_increment, genre varchar(255) not null, shelf varchar(255) not null, primary key (id)) engine=InnoDB
Hibernate: create table user (id bigint not null auto_increment, admin bit not null, birth varchar(255) not null, email varchar(255) not null, name varchar(255) not null, pw varchar(255) not null, tel varchar(255) not null, primary key (id)) engine=InnoDB
Hibernate: alter table book add constraint FKam9riv8y6rjwkua1gapdfew4j foreign key (category_id) references category (id)
Hibernate: alter table book add constraint FK1wxwagv6cm3vjrxqhmv884hir foreign key (user_id) references user (id)
2022-02-14 15:35:18.552  INFO 19724 --- [    Test worker] j.LocalContainerEntityManagerFactoryBean : Initialized JPA EntityManagerFactory for persistence unit 'default'
2022-02-14 15:35:19.632  INFO 19724 --- [    Test worker] o.s.s.concurrent.ThreadPoolTaskExecutor  : Initializing ExecutorService 'applicationTaskExecutor'
2022-02-14 15:35:19.688  WARN 19724 --- [    Test worker] aWebConfiguration$JpaWebMvcConfiguration : spring.jpa.open-in-view is enabled by default. Therefore, database queries may be performed during view rendering. Explicitly configure spring.jpa.open-in-view to disable this warning
2022-02-14 15:35:20.086  INFO 19724 --- [    Test worker] o.s.b.w.embedded.tomcat.TomcatWebServer  : Tomcat started on port(s): 6682 (http) with context path ''
2022-02-14 15:35:20.091  INFO 19724 --- [    Test worker] c.h.b.s.category.CategoryServiceTest     : Started CategoryServiceTest in 5.443 seconds (JVM running for 6.699)
2022-02-14 15:35:20.205  INFO 19724 --- [    Test worker] o.h.h.i.QueryTranslatorFactoryInitiator  : HHH000397: Using ASTQueryTranslatorFactory
Hibernate: select category0_.id as col_0_0_ from category category0_ where category0_.genre=? limit ?
Hibernate: insert into category (genre, shelf) values (?, ?)
]]></system-out>
  <system-err><![CDATA[]]></system-err>
</testsuite>
