<?xml version="1.0" encoding="UTF-8"?>
<testsuite name="com.hwai.backend.domain.users.UsersRepositoryTest" tests="0" skipped="0" failures="0" errors="0" timestamp="1970-01-01T00:00:00" hostname="DESKTOP-0R6UP8A" time="0.0">
  <properties/>
  <system-out><![CDATA[15:22:03.589 [Test worker] DEBUG org.springframework.test.context.junit4.SpringJUnit4ClassRunner - SpringJUnit4ClassRunner constructor called with [class com.hwai.backend.domain.users.UsersRepositoryTest]
15:22:03.596 [Test worker] DEBUG org.springframework.test.context.BootstrapUtils - Instantiating CacheAwareContextLoaderDelegate from class [org.springframework.test.context.cache.DefaultCacheAwareContextLoaderDelegate]
15:22:03.606 [Test worker] DEBUG org.springframework.test.context.BootstrapUtils - Instantiating BootstrapContext using constructor [public org.springframework.test.context.support.DefaultBootstrapContext(java.lang.Class,org.springframework.test.context.CacheAwareContextLoaderDelegate)]
15:22:03.622 [Test worker] DEBUG org.springframework.test.context.BootstrapUtils - Instantiating TestContextBootstrapper for test class [com.hwai.backend.domain.users.UsersRepositoryTest] from class [org.springframework.boot.test.context.SpringBootTestContextBootstrapper]
15:22:03.636 [Test worker] INFO org.springframework.boot.test.context.SpringBootTestContextBootstrapper - Neither @ContextConfiguration nor @ContextHierarchy found for test class [com.hwai.backend.domain.users.UsersRepositoryTest], using SpringBootContextLoader
15:22:03.639 [Test worker] DEBUG org.springframework.test.context.support.AbstractContextLoader - Did not detect default resource location for test class [com.hwai.backend.domain.users.UsersRepositoryTest]: class path resource [com/hwai/backend/domain/users/UsersRepositoryTest-context.xml] does not exist
15:22:03.639 [Test worker] DEBUG org.springframework.test.context.support.AbstractContextLoader - Did not detect default resource location for test class [com.hwai.backend.domain.users.UsersRepositoryTest]: class path resource [com/hwai/backend/domain/users/UsersRepositoryTestContext.groovy] does not exist
15:22:03.640 [Test worker] INFO org.springframework.test.context.support.AbstractContextLoader - Could not detect default resource locations for test class [com.hwai.backend.domain.users.UsersRepositoryTest]: no resource found for suffixes {-context.xml, Context.groovy}.
15:22:03.640 [Test worker] INFO org.springframework.test.context.support.AnnotationConfigContextLoaderUtils - Could not detect default configuration classes for test class [com.hwai.backend.domain.users.UsersRepositoryTest]: UsersRepositoryTest does not declare any static, non-private, non-final, nested classes annotated with @Configuration.
15:22:03.681 [Test worker] DEBUG org.springframework.test.context.support.ActiveProfilesUtils - Could not find an 'annotation declaring class' for annotation type [org.springframework.test.context.ActiveProfiles] and class [com.hwai.backend.domain.users.UsersRepositoryTest]
]]></system-out>
  <system-err><![CDATA[]]></system-err>
</testsuite>
